#
# A fatal error has been detected by the Java Runtime Environment:
#
#  EXCEPTION_ACCESS_VIOLATION (0xc0000005) at pc=0x00007ffb711e5ee8, pid=5436, tid=6620
#
# JRE version: OpenJDK Runtime Environment (21.0+35) (build 21+35-2513)
# Java VM: OpenJDK 64-Bit Server VM (21+35-2513, mixed mode, sharing, tiered, compressed oops, compressed class ptrs, g1 gc, windows-amd64)
# Problematic frame:
# C  [onnxruntime.dll+0x75ee8]
#
# No core dump will be written. Minidumps are not enabled by default on client versions of Windows
#
# If you would like to submit a bug report, please visit:
#   https://bugreport.java.com/bugreport/crash.jsp
# The crash happened outside the Java Virtual Machine in native code.
# See problematic frame for where to report the bug.
#

---------------  S U M M A R Y ------------

Command Line: -XX:+EnableDynamicAgentLoading D:\TMP\surefire3690142838435873985\surefirebooter-20240526110754067_3.jar D:\TMP\surefire3690142838435873985 2024-05-26T11-07-53_951-jvmRun1 surefire-20240526110754067_1tmp surefire_0-20240526110754067_2tmp

Host: Intel(R) Core(TM) i7-8700 CPU @ 3.20GHz, 12 cores, 15G,  Windows 11 , 64 bit Build 22621 (10.0.22621.3527)
Time: Sun May 26 11:08:33 2024  Windows 11 , 64 bit Build 22621 (10.0.22621.3527) elapsed time: 39.560335 seconds (0d 0h 0m 39s)

---------------  T H R E A D  ---------------

Current thread (0x000002a41d311590):  JavaThread "main"             [_thread_in_native, id=6620, stack(0x000000c7d0100000,0x000000c7d0200000) (1024K)]

Stack: [0x000000c7d0100000,0x000000c7d0200000],  sp=0x000000c7d01fb1b0,  free space=1004k
Native frames: (J=compiled Java code, j=interpreted, Vv=VM code, C=native code)
C  [onnxruntime.dll+0x75ee8]

Java frames: (J=compiled Java code, j=interpreted, Vv=VM code)
j  ai.onnxruntime.OrtSession.run(JJJ[Ljava/lang/String;[JJ[Ljava/lang/String;J[Lai/onnxruntime/OnnxValue;[JJ)[Z+0
j  ai.onnxruntime.OrtSession.run(Ljava/util/Map;Ljava/util/Set;Ljava/util/Map;Lai/onnxruntime/OrtSession$RunOptions;)Lai/onnxruntime/OrtSession$Result;+722
j  ai.onnxruntime.OrtSession.run(Ljava/util/Map;Ljava/util/Set;)Lai/onnxruntime/OrtSession$Result;+7
j  ai.onnxruntime.OrtSession.run(Ljava/util/Map;)Lai/onnxruntime/OrtSession$Result;+6
j  org.feuyeux.hello.ort.session.HelloOrtSessionV8.run(Lorg/opencv/core/Mat;)Ljava/util/List;+68
j  org.feuyeux.hello.ort.service.HelloOrtService.inference(Ljava/lang/String;Ljava/lang/String;)Lorg/feuyeux/hello/ort/pojo/Result;+26
j  org.feuyeux.hello.ort.HelloOrtTests.testYoloBench()V+67
j  java.lang.invoke.LambdaForm$DMH+0x000002a440186c00.invokeVirtual(Ljava/lang/Object;Ljava/lang/Object;)V+10 java.base@21
j  java.lang.invoke.LambdaForm$MH+0x000002a440190400.invoke(Ljava/lang/Object;Ljava/lang/Object;)Ljava/lang/Object;+31 java.base@21
j  java.lang.invoke.Invokers$Holder.invokeExact_MT(Ljava/lang/Object;Ljava/lang/Object;Ljava/lang/Object;)Ljava/lang/Object;+19 java.base@21
j  jdk.internal.reflect.DirectMethodHandleAccessor.invokeImpl(Ljava/lang/Object;[Ljava/lang/Object;)Ljava/lang/Object;+41 java.base@21
j  jdk.internal.reflect.DirectMethodHandleAccessor.invoke(Ljava/lang/Object;[Ljava/lang/Object;)Ljava/lang/Object;+23 java.base@21
j  java.lang.reflect.Method.invoke(Ljava/lang/Object;[Ljava/lang/Object;)Ljava/lang/Object;+102 java.base@21
j  org.junit.platform.commons.util.ReflectionUtils.invokeMethod(Ljava/lang/reflect/Method;Ljava/lang/Object;[Ljava/lang/Object;)Ljava/lang/Object;+42
j  org.junit.jupiter.engine.execution.MethodInvocation.proceed()Ljava/lang/Object;+16
j  org.junit.jupiter.engine.execution.InvocationInterceptorChain$ValidatingInvocation.proceed()Ljava/lang/Object;+8
j  org.junit.jupiter.engine.extension.TimeoutExtension.intercept(Lorg/junit/jupiter/api/extension/InvocationInterceptor$Invocation;Lorg/junit/jupiter/api/extension/ReflectiveInvocationContext;Lorg/junit/jupiter/api/extension/ExtensionContext;Lorg/junit/jupiter/engine/extension/TimeoutDuration;Lorg/junit/jupiter/engine/extension/TimeoutExtension$TimeoutProvider;)Ljava/lang/Object;+28
j  org.junit.jupiter.engine.extension.TimeoutExtension.interceptTestableMethod(Lorg/junit/jupiter/api/extension/InvocationInterceptor$Invocation;Lorg/junit/jupiter/api/extension/ReflectiveInvocationContext;Lorg/junit/jupiter/api/extension/ExtensionContext;Lorg/junit/jupiter/engine/extension/TimeoutExtension$TimeoutProvider;)Ljava/lang/Object;+31
j  org.junit.jupiter.engine.extension.TimeoutExtension.interceptTestMethod(Lorg/junit/jupiter/api/extension/InvocationInterceptor$Invocation;Lorg/junit/jupiter/api/extension/ReflectiveInvocationContext;Lorg/junit/jupiter/api/extension/ExtensionContext;)V+9
j  org.junit.jupiter.engine.descriptor.TestMethodTestDescriptor$$Lambda+0x000002a440089780.apply(Lorg/junit/jupiter/api/extension/InvocationInterceptor;Lorg/junit/jupiter/api/extension/InvocationInterceptor$Invocation;Lorg/junit/jupiter/api/extension/ReflectiveInvocationContext;Lorg/junit/jupiter/api/extension/ExtensionContext;)V+5
j  org.junit.jupiter.engine.execution.InterceptingExecutableInvoker$ReflectiveInterceptorCall.lambda$ofVoidMethod$0(Lorg/junit/jupiter/engine/execution/InterceptingExecutableInvoker$ReflectiveInterceptorCall$VoidMethodInterceptorCall;Lorg/junit/jupiter/api/extension/InvocationInterceptor;Lorg/junit/jupiter/api/extension/InvocationInterceptor$Invocation;Lorg/junit/jupiter/api/extension/ReflectiveInvocationContext;Lorg/junit/jupiter/api/extension/ExtensionContext;)Ljava/lang/Void;+6
j  org.junit.jupiter.engine.execution.InterceptingExecutableInvoker$ReflectiveInterceptorCall$$Lambda+0x000002a440089b90.apply(Lorg/junit/jupiter/api/extension/InvocationInterceptor;Lorg/junit/jupiter/api/extension/InvocationInterceptor$Invocation;Lorg/junit/jupiter/api/extension/ReflectiveInvocationContext;Lorg/junit/jupiter/api/extension/ExtensionContext;)Ljava/lang/Object;+9
j  org.junit.jupiter.engine.execution.InterceptingExecutableInvoker.lambda$invoke$0(Lorg/junit/jupiter/engine/execution/InterceptingExecutableInvoker$ReflectiveInterceptorCall;Lorg/junit/jupiter/api/extension/ReflectiveInvocationContext;Lorg/junit/jupiter/api/extension/ExtensionContext;Lorg/junit/jupiter/api/extension/InvocationInterceptor;Lorg/junit/jupiter/api/extension/InvocationInterceptor$Invocation;)Ljava/lang/Object;+6
j  org.junit.jupiter.engine.execution.InterceptingExecutableInvoker$$Lambda+0x000002a4400bf0f8.apply(Lorg/junit/jupiter/api/extension/InvocationInterceptor;Lorg/junit/jupiter/api/extension/InvocationInterceptor$Invocation;)Ljava/lang/Object;+14
j  org.junit.jupiter.engine.execution.InvocationInterceptorChain$InterceptedInvocation.proceed()Ljava/lang/Object;+12
j  org.junit.jupiter.engine.execution.InvocationInterceptorChain.proceed(Lorg/junit/jupiter/api/extension/InvocationInterceptor$Invocation;)Ljava/lang/Object;+1
j  org.junit.jupiter.engine.execution.InvocationInterceptorChain.chainAndInvoke(Lorg/junit/jupiter/api/extension/InvocationInterceptor$Invocation;Lorg/junit/jupiter/engine/execution/InvocationInterceptorChain$InterceptorCall;Ljava/util/List;)Ljava/lang/Object;+24
j  org.junit.jupiter.engine.execution.InvocationInterceptorChain.invoke(Lorg/junit/jupiter/api/extension/InvocationInterceptor$Invocation;Lorg/junit/jupiter/engine/extension/ExtensionRegistry;Lorg/junit/jupiter/engine/execution/InvocationInterceptorChain$InterceptorCall;)Ljava/lang/Object;+31
j  org.junit.jupiter.engine.execution.InterceptingExecutableInvoker.invoke(Lorg/junit/jupiter/api/extension/InvocationInterceptor$Invocation;Lorg/junit/jupiter/api/extension/ReflectiveInvocationContext;Lorg/junit/jupiter/api/extension/ExtensionContext;Lorg/junit/jupiter/engine/extension/ExtensionRegistry;Lorg/junit/jupiter/engine/execution/InterceptingExecutableInvoker$ReflectiveInterceptorCall;)Ljava/lang/Object;+15
j  org.junit.jupiter.engine.execution.InterceptingExecutableInvoker.invoke(Ljava/lang/reflect/Method;Ljava/lang/Object;Lorg/junit/jupiter/api/extension/ExtensionContext;Lorg/junit/jupiter/engine/extension/ExtensionRegistry;Lorg/junit/jupiter/engine/execution/InterceptingExecutableInvoker$ReflectiveInterceptorCall;)Ljava/lang/Object;+55
j  org.junit.jupiter.engine.descriptor.TestMethodTestDescriptor.lambda$invokeTestMethod$7(Lorg/junit/jupiter/api/extension/ExtensionContext;Lorg/junit/jupiter/engine/execution/JupiterEngineExecutionContext;)V+28
j  org.junit.jupiter.engine.descriptor.TestMethodTestDescriptor$$Lambda+0x000002a44018e560.execute()V+12
j  org.junit.platform.engine.support.hierarchical.ThrowableCollector.execute(Lorg/junit/platform/engine/support/hierarchical/ThrowableCollector$Executable;)V+1
j  org.junit.jupiter.engine.descriptor.TestMethodTestDescriptor.invokeTestMethod(Lorg/junit/jupiter/engine/execution/JupiterEngineExecutionContext;Lorg/junit/platform/engine/support/hierarchical/Node$DynamicTestExecutor;)V+21
j  org.junit.jupiter.engine.descriptor.TestMethodTestDescriptor.execute(Lorg/junit/jupiter/engine/execution/JupiterEngineExecutionContext;Lorg/junit/platform/engine/support/hierarchical/Node$DynamicTestExecutor;)Lorg/junit/jupiter/engine/execution/JupiterEngineExecutionContext;+44
j  org.junit.jupiter.engine.descriptor.TestMethodTestDescriptor.execute(Lorg/junit/platform/engine/support/hierarchical/EngineExecutionContext;Lorg/junit/platform/engine/support/hierarchical/Node$DynamicTestExecutor;)Lorg/junit/platform/engine/support/hierarchical/EngineExecutionContext;+6
j  org.junit.platform.engine.support.hierarchical.NodeTestTask.lambda$executeRecursively$6()V+79
j  org.junit.platform.engine.support.hierarchical.NodeTestTask$$Lambda+0x000002a4400ae638.execute()V+4
j  org.junit.platform.engine.support.hierarchical.ThrowableCollector.execute(Lorg/junit/platform/engine/support/hierarchical/ThrowableCollector$Executable;)V+1
j  org.junit.platform.engine.support.hierarchical.NodeTestTask.lambda$executeRecursively$8(Lorg/junit/platform/engine/support/hierarchical/EngineExecutionContext;)V+15
j  org.junit.platform.engine.support.hierarchical.NodeTestTask$$Lambda+0x000002a4400ae418.invoke(Lorg/junit/platform/engine/support/hierarchical/EngineExecutionContext;)V+5
j  org.junit.platform.engine.support.hierarchical.Node.around(Lorg/junit/platform/engine/support/hierarchical/EngineExecutionContext;Lorg/junit/platform/engine/support/hierarchical/Node$Invocation;)V+2
j  org.junit.platform.engine.support.hierarchical.NodeTestTask.lambda$executeRecursively$9()V+14
j  org.junit.platform.engine.support.hierarchical.NodeTestTask$$Lambda+0x000002a4400ae000.execute()V+4
j  org.junit.platform.engine.support.hierarchical.ThrowableCollector.execute(Lorg/junit/platform/engine/support/hierarchical/ThrowableCollector$Executable;)V+1
j  org.junit.platform.engine.support.hierarchical.NodeTestTask.executeRecursively()V+31
j  org.junit.platform.engine.support.hierarchical.NodeTestTask.execute()V+55
j  org.junit.platform.engine.support.hierarchical.SameThreadHierarchicalTestExecutorService$$Lambda+0x000002a4400af128.accept(Ljava/lang/Object;)V+4
j  java.util.ArrayList.forEach(Ljava/util/function/Consumer;)V+46 java.base@21
j  org.junit.platform.engine.support.hierarchical.SameThreadHierarchicalTestExecutorService.invokeAll(Ljava/util/List;)V+6
j  org.junit.platform.engine.support.hierarchical.NodeTestTask.lambda$executeRecursively$6()V+116
j  org.junit.platform.engine.support.hierarchical.NodeTestTask$$Lambda+0x000002a4400ae638.execute()V+4
j  org.junit.platform.engine.support.hierarchical.ThrowableCollector.execute(Lorg/junit/platform/engine/support/hierarchical/ThrowableCollector$Executable;)V+1
j  org.junit.platform.engine.support.hierarchical.NodeTestTask.lambda$executeRecursively$8(Lorg/junit/platform/engine/support/hierarchical/EngineExecutionContext;)V+15
j  org.junit.platform.engine.support.hierarchical.NodeTestTask$$Lambda+0x000002a4400ae418.invoke(Lorg/junit/platform/engine/support/hierarchical/EngineExecutionContext;)V+5
j  org.junit.platform.engine.support.hierarchical.Node.around(Lorg/junit/platform/engine/support/hierarchical/EngineExecutionContext;Lorg/junit/platform/engine/support/hierarchical/Node$Invocation;)V+2
j  org.junit.platform.engine.support.hierarchical.NodeTestTask.lambda$executeRecursively$9()V+14
j  org.junit.platform.engine.support.hierarchical.NodeTestTask$$Lambda+0x000002a4400ae000.execute()V+4
j  org.junit.platform.engine.support.hierarchical.ThrowableCollector.execute(Lorg/junit/platform/engine/support/hierarchical/ThrowableCollector$Executable;)V+1
j  org.junit.platform.engine.support.hierarchical.NodeTestTask.executeRecursively()V+31
j  org.junit.platform.engine.support.hierarchical.NodeTestTask.execute()V+55
j  org.junit.platform.engine.support.hierarchical.SameThreadHierarchicalTestExecutorService$$Lambda+0x000002a4400af128.accept(Ljava/lang/Object;)V+4
j  java.util.ArrayList.forEach(Ljava/util/function/Consumer;)V+46 java.base@21
j  org.junit.platform.engine.support.hierarchical.SameThreadHierarchicalTestExecutorService.invokeAll(Ljava/util/List;)V+6
j  org.junit.platform.engine.support.hierarchical.NodeTestTask.lambda$executeRecursively$6()V+116
j  org.junit.platform.engine.support.hierarchical.NodeTestTask$$Lambda+0x000002a4400ae638.execute()V+4
j  org.junit.platform.engine.support.hierarchical.ThrowableCollector.execute(Lorg/junit/platform/engine/support/hierarchical/ThrowableCollector$Executable;)V+1
j  org.junit.platform.engine.support.hierarchical.NodeTestTask.lambda$executeRecursively$8(Lorg/junit/platform/engine/support/hierarchical/EngineExecutionContext;)V+15
j  org.junit.platform.engine.support.hierarchical.NodeTestTask$$Lambda+0x000002a4400ae418.invoke(Lorg/junit/platform/engine/support/hierarchical/EngineExecutionContext;)V+5
j  org.junit.platform.engine.support.hierarchical.Node.around(Lorg/junit/platform/engine/support/hierarchical/EngineExecutionContext;Lorg/junit/platform/engine/support/hierarchical/Node$Invocation;)V+2
j  org.junit.platform.engine.support.hierarchical.NodeTestTask.lambda$executeRecursively$9()V+14
j  org.junit.platform.engine.support.hierarchical.NodeTestTask$$Lambda+0x000002a4400ae000.execute()V+4
j  org.junit.platform.engine.support.hierarchical.ThrowableCollector.execute(Lorg/junit/platform/engine/support/hierarchical/ThrowableCollector$Executable;)V+1
j  org.junit.platform.engine.support.hierarchical.NodeTestTask.executeRecursively()V+31
j  org.junit.platform.engine.support.hierarchical.NodeTestTask.execute()V+55
j  org.junit.platform.engine.support.hierarchical.SameThreadHierarchicalTestExecutorService.submit(Lorg/junit/platform/engine/support/hierarchical/HierarchicalTestExecutorService$TestTask;)Ljava/util/concurrent/Future;+1
j  org.junit.platform.engine.support.hierarchical.HierarchicalTestExecutor.execute()Ljava/util/concurrent/Future;+74
j  org.junit.platform.engine.support.hierarchical.HierarchicalTestEngine.execute(Lorg/junit/platform/engine/ExecutionRequest;)V+31
j  org.junit.platform.launcher.core.EngineExecutionOrchestrator.execute(Lorg/junit/platform/engine/TestDescriptor;Lorg/junit/platform/engine/EngineExecutionListener;Lorg/junit/platform/engine/ConfigurationParameters;Lorg/junit/platform/engine/TestEngine;)V+24
j  org.junit.platform.launcher.core.EngineExecutionOrchestrator.execute(Lorg/junit/platform/launcher/core/LauncherDiscoveryResult;Lorg/junit/platform/engine/EngineExecutionListener;)V+115
j  org.junit.platform.launcher.core.EngineExecutionOrchestrator.execute(Lorg/junit/platform/launcher/core/InternalTestPlan;Lorg/junit/platform/engine/EngineExecutionListener;Lorg/junit/platform/launcher/TestExecutionListener;)V+55
j  org.junit.platform.launcher.core.EngineExecutionOrchestrator.lambda$execute$0(Lorg/junit/platform/launcher/core/InternalTestPlan;Lorg/junit/platform/launcher/TestExecutionListener;)V+6
j  org.junit.platform.launcher.core.EngineExecutionOrchestrator$$Lambda+0x000002a44009d6d0.accept(Ljava/lang/Object;)V+12
j  org.junit.platform.launcher.core.EngineExecutionOrchestrator.withInterceptedStreams(Lorg/junit/platform/engine/ConfigurationParameters;Lorg/junit/platform/launcher/core/ListenerRegistry;Ljava/util/function/Consumer;)V+51
j  org.junit.platform.launcher.core.EngineExecutionOrchestrator.execute(Lorg/junit/platform/launcher/core/InternalTestPlan;[Lorg/junit/platform/launcher/TestExecutionListener;)V+23
j  org.junit.platform.launcher.core.DefaultLauncher.execute(Lorg/junit/platform/launcher/core/InternalTestPlan;[Lorg/junit/platform/launcher/TestExecutionListener;)V+6
j  org.junit.platform.launcher.core.DefaultLauncher.execute(Lorg/junit/platform/launcher/LauncherDiscoveryRequest;[Lorg/junit/platform/launcher/TestExecutionListener;)V+34
j  org.junit.platform.launcher.core.DelegatingLauncher.execute(Lorg/junit/platform/launcher/LauncherDiscoveryRequest;[Lorg/junit/platform/launcher/TestExecutionListener;)V+6
j  org.apache.maven.surefire.junitplatform.LazyLauncher.execute(Lorg/junit/platform/launcher/LauncherDiscoveryRequest;[Lorg/junit/platform/launcher/TestExecutionListener;)V+6
j  org.apache.maven.surefire.junitplatform.JUnitPlatformProvider.execute(Lorg/apache/maven/surefire/api/util/TestsToRun;Lorg/apache/maven/surefire/junitplatform/RunListenerAdapter;)V+70
j  org.apache.maven.surefire.junitplatform.JUnitPlatformProvider.invokeAllTests(Lorg/apache/maven/surefire/api/util/TestsToRun;Lorg/apache/maven/surefire/junitplatform/RunListenerAdapter;)V+3
j  org.apache.maven.surefire.junitplatform.JUnitPlatformProvider.invoke(Ljava/lang/Object;)Lorg/apache/maven/surefire/api/suite/RunResult;+95
j  org.apache.maven.surefire.booter.ForkedBooter.runSuitesInProcess()V+8
j  org.apache.maven.surefire.booter.ForkedBooter.execute()V+1
j  org.apache.maven.surefire.booter.ForkedBooter.run(Lorg/apache/maven/surefire/booter/ForkedBooter;[Ljava/lang/String;)V+27
j  org.apache.maven.surefire.booter.ForkedBooter.main([Ljava/lang/String;)V+10
v  ~StubRoutines::call_stub 0x000002a42ef3100d

siginfo: EXCEPTION_ACCESS_VIOLATION (0xc0000005), reading address 0x00007ffb21bbab70


Registers:
RAX=0x00007ffb21bbab20, RBX=0x0000000000000001, RCX=0x000002a49ea26fb0, RDX=0x000000c7d01fbc00
RSP=0x000000c7d01fb1b0, RBP=0x000000c7d01fbff0, RSI=0x000002a49da6c390, RDI=0x0000000000000000
R8 =0x0000000000000001, R9 =0x0000000000000001, R10=0x0000000000000003, R11=0x000000c7d01fb0e0
R12=0x000000c7d01fbf60, R13=0x000000c7d01fc300, R14=0x000002a49ea26fb0, R15=0x000000c7d01fbc38
RIP=0x00007ffb711e5ee8, EFLAGS=0x0000000000010206


Register to memory mapping:

RAX=0x00007ffb21bbab20 is an unknown value
RBX=0x0000000000000001 is an unknown value
RCX=0x000002a49ea26fb0 points into unknown readable memory: 0x00007ffb21bbab20 | 20 ab bb 21 fb 7f 00 00
RDX=0x000000c7d01fbc00 is pointing into the stack for thread: 0x000002a41d311590
RSP=0x000000c7d01fb1b0 is pointing into the stack for thread: 0x000002a41d311590
RBP=0x000000c7d01fbff0 is pointing into the stack for thread: 0x000002a41d311590
RSI=0x000002a49da6c390 points into unknown readable memory: 0x00007ffb71aee000 | 00 e0 ae 71 fb 7f 00 00
RDI=0x0 is null
R8 =0x0000000000000001 is an unknown value
R9 =0x0000000000000001 is an unknown value
R10=0x0000000000000003 is an unknown value
R11=0x000000c7d01fb0e0 is pointing into the stack for thread: 0x000002a41d311590
R12=0x000000c7d01fbf60 is pointing into the stack for thread: 0x000002a41d311590
R13=0x000000c7d01fc300 is pointing into the stack for thread: 0x000002a41d311590
R14=0x000002a49ea26fb0 points into unknown readable memory: 0x00007ffb21bbab20 | 20 ab bb 21 fb 7f 00 00
R15=0x000000c7d01fbc38 is pointing into the stack for thread: 0x000002a41d311590

Top of Stack: (sp=0x000000c7d01fb1b0)
0x000000c7d01fb1b0:   0000000000000000 0000000000000000
0x000000c7d01fb1c0:   000002a4a1623cb0 000000000000005f
0x000000c7d01fb1d0:   000000c7d01fc110 000002a400000000
0x000000c7d01fb1e0:   000000c7d01fc300 000000c7d01fbcb0
0x000000c7d01fb1f0:   000002a486ab15f0 000000000000005f
0x000000c7d01fb200:   000002a400000000 000000c7d01fbc40
0x000000c7d01fb210:   0000000000000000 000000c7d01fbfd0
0x000000c7d01fb220:   000000c7d01fc110 00000000000001b2
0x000000c7d01fb230:   000000c7d01fbfd0 000002a43f4679c8
0x000000c7d01fb240:   0000000000000000 0000000000000000
0x000000c7d01fb250:   0000000000000000 000002a49da6cb68
0x000000c7d01fb260:   000002a4a1623cc0 0000000000000000
0x000000c7d01fb270:   000000c7d01fbfb0 000002a42ef389b8
0x000000c7d01fb280:   000000c7d01fbfc0 0000000711730d40
0x000000c7d01fb290:   0000000000000000 000002a49ba90000
0x000000c7d01fb2a0:   000000c7d01fc300 000002a43f0c6408
0x000000c7d01fb2b0:   00007ffb71d5c8a0 000000000000005f
0x000000c7d01fb2c0:   000002a43f0c8df0 0000000000000000
0x000000c7d01fb2d0:   000000c7d01fb2e8 000000c7d01fb340
0x000000c7d01fb2e0:   000002a49da6c390 0000000000000049
0x000000c7d01fb2f0:   000002a486ab1800 0000000000000000
0x000000c7d01fb300:   0000000000000000 000000000000000f
0x000000c7d01fb310:   000002a49ea26fb0 0000000000000000
0x000000c7d01fb320:   000000070458c898 000000000000005b
0x000000c7d01fb330:   0000000000000000 000000c7d01fb360
0x000000c7d01fb340:   0000000711730d40 000002a427e2f494
0x000000c7d01fb350:   000000c7ff00ff00 000002a427e2f54c
0x000000c7d01fb360:   000002a402000002 00000000000001c0
0x000000c7d01fb370:   000002a468000860 000000c7d01fb440
0x000000c7d01fb380:   0000000063000063 0000000702a037f0
0x000000c7d01fb390:   0000000711730b00 000000c7d01f6700
0x000000c7d01fb3a0:   000002a4802c8400 00000000ff00ff00 

Instructions: (pc=0x00007ffb711e5ee8)
0x00007ffb711e5de8:   24 58 01 00 00 0f 00 00 00 0f ae e8 b9 30 00 00
0x00007ffb711e5df8:   00 e8 72 b9 82 00 48 8b d0 48 89 84 24 40 01 00
0x00007ffb711e5e08:   00 48 c7 84 24 50 01 00 00 27 00 00 00 48 c7 84
0x00007ffb711e5e18:   24 58 01 00 00 2f 00 00 00 0f 10 05 c0 91 90 00
0x00007ffb711e5e28:   0f 11 00 0f 10 0d c6 91 90 00 0f 11 48 10 8b 05
0x00007ffb711e5e38:   cc 91 90 00 89 42 20 0f b7 05 c6 91 90 00 66 89
0x00007ffb711e5e48:   42 24 0f b6 05 bd 91 90 00 88 42 26 c6 42 27 00
0x00007ffb711e5e58:   4c 8d 8c 24 20 03 00 00 4c 8d 84 24 40 01 00 00
0x00007ffb711e5e68:   48 8d 94 24 40 04 00 00 49 8d 4d 30 e8 57 e0 54
0x00007ffb711e5e78:   00 4c 8b 40 10 48 83 78 18 0f 76 03 48 8b 00 49
0x00007ffb711e5e88:   83 f8 01 75 17 48 8d 15 00 f6 8e 00 48 8b c8 e8
0x00007ffb711e5e98:   6a f6 85 00 85 c0 75 04 b3 01 eb 02 32 db 48 8d
0x00007ffb711e5ea8:   8c 24 40 04 00 00 e8 7d 09 f9 ff 48 8d 8c 24 40
0x00007ffb711e5eb8:   01 00 00 e8 70 09 f9 ff 90 48 8d 8c 24 20 03 00
0x00007ffb711e5ec8:   00 e8 62 09 f9 ff 48 89 bc 24 50 0a 00 00 49 8b
0x00007ffb711e5ed8:   06 44 0f b6 c3 48 8d 94 24 50 0a 00 00 49 8b ce
0x00007ffb711e5ee8:   48 8b 40 50 ff 15 56 4e 8c 00 90 48 8b 9c 24 40
0x00007ffb711e5ef8:   0a 00 00 48 85 db 0f 85 a3 00 00 00 48 8d 94 24
0x00007ffb711e5f08:   50 0a 00 00 48 8d 8c 24 40 0a 00 00 e8 77 94 00
0x00007ffb711e5f18:   00 84 c0 0f 84 86 00 00 00 48 39 9c 24 50 0a 00
0x00007ffb711e5f28:   00 75 1b 48 89 bc 24 40 0a 00 00 48 85 db 74 6f
0x00007ffb711e5f38:   48 8d 4b 08 e8 ef 08 f9 ff 48 8b cb eb 56 b9 28
0x00007ffb711e5f48:   00 00 00 e8 20 b8 82 00 48 8b d8 48 89 84 24 b0
0x00007ffb711e5f58:   00 00 00 48 8b 94 24 50 0a 00 00 8b 0a 89 08 8b
0x00007ffb711e5f68:   4a 04 89 48 04 48 8d 48 08 48 83 c2 08 e8 06 54
0x00007ffb711e5f78:   f9 ff 90 4c 8b b4 24 40 0a 00 00 48 89 9c 24 40
0x00007ffb711e5f88:   0a 00 00 4d 85 f6 74 17 49 8d 4e 08 e8 97 08 f9
0x00007ffb711e5f98:   ff 49 8b ce ba 28 00 00 00 e8 da 05 7b 00 90 48
0x00007ffb711e5fa8:   8b 9c 24 50 0a 00 00 48 85 db 74 16 48 8d 4b 08
0x00007ffb711e5fb8:   e8 73 08 f9 ff ba 28 00 00 00 48 8b cb e8 b6 05
0x00007ffb711e5fc8:   7b 00 49 83 c7 08 48 8b 44 24 58 e9 b8 fd ff ff
0x00007ffb711e5fd8:   4c 8b b4 24 08 0b 00 00 4d 85 f6 0f 84 92 01 00 


Stack slot to memory mapping:

stack at sp + 0 slots: 0x0 is null
stack at sp + 1 slots: 0x0 is null
stack at sp + 2 slots: 0x000002a4a1623cb0 points into unknown readable memory: 0x000002a49ea26fb0 | b0 6f a2 9e a4 02 00 00
stack at sp + 3 slots: 0x000000000000005f is an unknown value
stack at sp + 4 slots: 0x000000c7d01fc110 is pointing into the stack for thread: 0x000002a41d311590
stack at sp + 5 slots: 0x000002a400000000 is an unknown value
stack at sp + 6 slots: 0x000000c7d01fc300 is pointing into the stack for thread: 0x000002a41d311590
stack at sp + 7 slots: 0x000000c7d01fbcb0 is pointing into the stack for thread: 0x000002a41d311590


---------------  P R O C E S S  ---------------

Threads class SMR info:
_java_thread_list=0x000002a484694a50, length=14, elements={
0x000002a41d311590, 0x000002a43e2850e0, 0x000002a43e286000, 0x000002a43e288340,
0x000002a43e28c350, 0x000002a43e28cdb0, 0x000002a43e28d810, 0x000002a43e28f5b0,
0x000002a43e29a070, 0x000002a43eca2b30, 0x000002a43ec90c60, 0x000002a43ed5e590,
0x000002a43ef3e960, 0x000002a4ba0fa8a0
}

Java Threads: ( => current thread )
=>0x000002a41d311590 JavaThread "main"                              [_thread_in_native, id=6620, stack(0x000000c7d0100000,0x000000c7d0200000) (1024K)]
  0x000002a43e2850e0 JavaThread "Reference Handler"          daemon [_thread_blocked, id=12116, stack(0x000000c7d0900000,0x000000c7d0a00000) (1024K)]
  0x000002a43e286000 JavaThread "Finalizer"                  daemon [_thread_blocked, id=13120, stack(0x000000c7d0a00000,0x000000c7d0b00000) (1024K)]
  0x000002a43e288340 JavaThread "Signal Dispatcher"          daemon [_thread_blocked, id=12332, stack(0x000000c7d0b00000,0x000000c7d0c00000) (1024K)]
  0x000002a43e28c350 JavaThread "Attach Listener"            daemon [_thread_blocked, id=19808, stack(0x000000c7d0c00000,0x000000c7d0d00000) (1024K)]
  0x000002a43e28cdb0 JavaThread "Service Thread"             daemon [_thread_blocked, id=212, stack(0x000000c7d0d00000,0x000000c7d0e00000) (1024K)]
  0x000002a43e28d810 JavaThread "Monitor Deflation Thread"   daemon [_thread_blocked, id=20068, stack(0x000000c7d0e00000,0x000000c7d0f00000) (1024K)]
  0x000002a43e28f5b0 JavaThread "C2 CompilerThread0"         daemon [_thread_blocked, id=7304, stack(0x000000c7d0f00000,0x000000c7d1000000) (1024K)]
  0x000002a43e29a070 JavaThread "C1 CompilerThread0"         daemon [_thread_blocked, id=4448, stack(0x000000c7d1000000,0x000000c7d1100000) (1024K)]
  0x000002a43eca2b30 JavaThread "Notification Thread"        daemon [_thread_blocked, id=3532, stack(0x000000c7d1100000,0x000000c7d1200000) (1024K)]
  0x000002a43ec90c60 JavaThread "Common-Cleaner"             daemon [_thread_blocked, id=19912, stack(0x000000c7d1200000,0x000000c7d1300000) (1024K)]
  0x000002a43ed5e590 JavaThread "surefire-forkedjvm-stream-flusher" daemon [_thread_blocked, id=14628, stack(0x000000c7d1300000,0x000000c7d1400000) (1024K)]
  0x000002a43ef3e960 JavaThread "surefire-forkedjvm-command-thread" daemon [_thread_blocked, id=8536, stack(0x000000c7d1400000,0x000000c7d1500000) (1024K)]
  0x000002a4ba0fa8a0 JavaThread "surefire-forkedjvm-last-ditch-daemon-shutdown-thread-30s" daemon [_thread_blocked, id=19132, stack(0x000000c7d2d00000,0x000000c7d2e00000) (1024K)]
Total: 14

Other Threads:
  0x000002a43e26a6e0 VMThread "VM Thread"                           [id=2760, stack(0x000000c7d0800000,0x000000c7d0900000) (1024K)] _threads_hazard_ptr=0x000002a484694a50
  0x000002a41f623510 WorkerThread "GC Thread#0"                     [id=8216, stack(0x000000c7d0200000,0x000000c7d0300000) (1024K)]
  0x000002a48467ddc0 WorkerThread "GC Thread#1"                     [id=10900, stack(0x000000c7d1600000,0x000000c7d1700000) (1024K)]
  0x000002a4846bef60 WorkerThread "GC Thread#2"                     [id=7352, stack(0x000000c7d1700000,0x000000c7d1800000) (1024K)]
  0x000002a4846bf300 WorkerThread "GC Thread#3"                     [id=17960, stack(0x000000c7d1800000,0x000000c7d1900000) (1024K)]
  0x000002a4846bc030 WorkerThread "GC Thread#4"                     [id=18972, stack(0x000000c7d1900000,0x000000c7d1a00000) (1024K)]
  0x000002a4846bc3d0 WorkerThread "GC Thread#5"                     [id=16708, stack(0x000000c7d1a00000,0x000000c7d1b00000) (1024K)]
  0x000002a48469f4e0 WorkerThread "GC Thread#6"                     [id=20372, stack(0x000000c7d1b00000,0x000000c7d1c00000) (1024K)]
  0x000002a4846a70f0 WorkerThread "GC Thread#7"                     [id=5004, stack(0x000000c7d1c00000,0x000000c7d1d00000) (1024K)]
  0x000002a4846d09a0 WorkerThread "GC Thread#8"                     [id=4236, stack(0x000000c7d1d00000,0x000000c7d1e00000) (1024K)]
  0x000002a484752d00 WorkerThread "GC Thread#9"                     [id=5336, stack(0x000000c7d2800000,0x000000c7d2900000) (1024K)]
  0x000002a41f635400 ConcurrentGCThread "G1 Main Marker"            terminated
  0x000002a41f6366a0 WorkerThread "G1 Conc#0"                       [id=9140, stack(0x000000c7d0400000,0x000000c7d0500000) (1024K)]
  0x000002a41f67eae0 ConcurrentGCThread "G1 Refine#0"               terminated
  0x000002a43e120730 ConcurrentGCThread "G1 Service"                terminated
Total: 15

Threads with active compile tasks:
Total: 0

VM state: at safepoint (normal execution)

VM Mutex/Monitor currently owned by a thread:  ([mutex/lock_event])
[0x00007ffb75cb8548] Threads_lock - owner thread: 0x000002a43e26a6e0
[0x00007ffb75cb8648] Heap_lock - owner thread: 0x000002a43ef3e960

Heap address: 0x0000000702a00000, size: 4054 MB, Compressed Oops mode: Zero based, Oop shift amount: 3

CDS archive(s) mapped at: [0x000002a43f000000-0x000002a43fc90000-0x000002a43fc90000), size 13172736, SharedBaseAddress: 0x000002a43f000000, ArchiveRelocationMode: 1.
Compressed class space mapped at: 0x000002a440000000-0x000002a480000000, reserved size: 1073741824
Narrow klass base: 0x000002a43f000000, Narrow klass shift: 0, Narrow klass range: 0x100000000

GC Precious Log:
 CardTable entry size: 512
 Card Set container configuration: InlinePtr #cards 4 size 8 Array Of Cards #cards 16 size 48 Howl #buckets 8 coarsen threshold 3686 Howl Bitmap #cards 512 size 80 coarsen threshold 460 Card regions per heap region 1 cards per card region 4096
 CPUs: 12 total, 12 available
 Memory: 16215M
 Large Page Support: Disabled
 NUMA Support: Disabled
 Compressed Oops: Enabled (Zero based)
 Heap Region Size: 2M
 Heap Min Capacity: 8M
 Heap Initial Capacity: 254M
 Heap Max Capacity: 4054M
 Pre-touch: Disabled
 Parallel Workers: 10
 Concurrent Workers: 3
 Concurrent Refinement Workers: 10
 Periodic GC: Disabled

Heap:
 garbage-first heap   total 260096K, used 63790K [0x0000000702a00000, 0x0000000800000000)
  region size 2048K, 12 young (24576K), 1 survivors (2048K)
 Metaspace       used 16135K, committed 16384K, reserved 1114112K
  class space    used 1954K, committed 2048K, reserved 1048576K

Heap Regions: E=young(eden), S=young(survivor), O=old, HS=humongous(starts), HC=humongous(continues), CS=collection set, F=free, TAMS=top-at-mark-start, PB=parsable bottom
|   0|0x0000000702a00000, 0x0000000702c00000, 0x0000000702c00000|100%| O|  |TAMS 0x0000000702a00000| PB 0x0000000702a00000| Untracked 
|   1|0x0000000702c00000, 0x0000000702e00000, 0x0000000702e00000|100%|HS|  |TAMS 0x0000000702c00000| PB 0x0000000702c00000| Complete 
|   2|0x0000000702e00000, 0x0000000703000000, 0x0000000703000000|100%|HC|  |TAMS 0x0000000702e00000| PB 0x0000000702e00000| Complete 
|   3|0x0000000703000000, 0x0000000703200000, 0x0000000703200000|100%|HC|  |TAMS 0x0000000703000000| PB 0x0000000703000000| Complete 
|   4|0x0000000703200000, 0x0000000703400000, 0x0000000703400000|100%|HS|  |TAMS 0x0000000703200000| PB 0x0000000703200000| Complete 
|   5|0x0000000703400000, 0x0000000703600000, 0x0000000703600000|100%|HC|  |TAMS 0x0000000703400000| PB 0x0000000703400000| Complete 
|   6|0x0000000703600000, 0x0000000703800000, 0x0000000703800000|100%|HC|  |TAMS 0x0000000703600000| PB 0x0000000703600000| Complete 
|   7|0x0000000703800000, 0x0000000703a00000, 0x0000000703a00000|100%|HS|  |TAMS 0x0000000703800000| PB 0x0000000703800000| Complete 
|   8|0x0000000703a00000, 0x0000000703c00000, 0x0000000703c00000|100%|HC|  |TAMS 0x0000000703a00000| PB 0x0000000703a00000| Complete 
|   9|0x0000000703c00000, 0x0000000703e00000, 0x0000000703e00000|100%|HC|  |TAMS 0x0000000703c00000| PB 0x0000000703c00000| Complete 
|  10|0x0000000703e00000, 0x0000000704000000, 0x0000000704000000|100%|HS|  |TAMS 0x0000000703e00000| PB 0x0000000703e00000| Complete 
|  11|0x0000000704000000, 0x0000000704200000, 0x0000000704200000|100%|HC|  |TAMS 0x0000000704000000| PB 0x0000000704000000| Complete 
|  12|0x0000000704200000, 0x0000000704400000, 0x0000000704400000|100%|HC|  |TAMS 0x0000000704200000| PB 0x0000000704200000| Complete 
|  13|0x0000000704400000, 0x0000000704600000, 0x0000000704600000|100%| O|  |TAMS 0x0000000704400000| PB 0x0000000704400000| Untracked 
|  14|0x0000000704600000, 0x0000000704800000, 0x0000000704800000|100%|HS|  |TAMS 0x0000000704600000| PB 0x0000000704600000| Complete 
|  15|0x0000000704800000, 0x0000000704a00000, 0x0000000704a00000|100%|HC|  |TAMS 0x0000000704800000| PB 0x0000000704800000| Complete 
|  16|0x0000000704a00000, 0x0000000704c00000, 0x0000000704c00000|100%|HC|  |TAMS 0x0000000704a00000| PB 0x0000000704a00000| Complete 
|  17|0x0000000704c00000, 0x0000000704c00000, 0x0000000704e00000|  0%| F|  |TAMS 0x0000000704c00000| PB 0x0000000704c00000| Untracked 
|  18|0x0000000704e00000, 0x0000000704e00000, 0x0000000705000000|  0%| F|  |TAMS 0x0000000704e00000| PB 0x0000000704e00000| Untracked 
|  19|0x0000000705000000, 0x0000000705000000, 0x0000000705200000|  0%| F|  |TAMS 0x0000000705000000| PB 0x0000000705000000| Untracked 
|  20|0x0000000705200000, 0x0000000705200000, 0x0000000705400000|  0%| F|  |TAMS 0x0000000705200000| PB 0x0000000705200000| Untracked 
|  21|0x0000000705400000, 0x0000000705400000, 0x0000000705600000|  0%| F|  |TAMS 0x0000000705400000| PB 0x0000000705400000| Untracked 
|  22|0x0000000705600000, 0x0000000705600000, 0x0000000705800000|  0%| F|  |TAMS 0x0000000705600000| PB 0x0000000705600000| Untracked 
|  23|0x0000000705800000, 0x0000000705800000, 0x0000000705a00000|  0%| F|  |TAMS 0x0000000705800000| PB 0x0000000705800000| Untracked 
|  24|0x0000000705a00000, 0x0000000705a00000, 0x0000000705c00000|  0%| F|  |TAMS 0x0000000705a00000| PB 0x0000000705a00000| Untracked 
|  25|0x0000000705c00000, 0x0000000705c00000, 0x0000000705e00000|  0%| F|  |TAMS 0x0000000705c00000| PB 0x0000000705c00000| Untracked 
|  26|0x0000000705e00000, 0x0000000705e00000, 0x0000000706000000|  0%| F|  |TAMS 0x0000000705e00000| PB 0x0000000705e00000| Untracked 
|  27|0x0000000706000000, 0x0000000706000000, 0x0000000706200000|  0%| F|  |TAMS 0x0000000706000000| PB 0x0000000706000000| Untracked 
|  28|0x0000000706200000, 0x0000000706200000, 0x0000000706400000|  0%| F|  |TAMS 0x0000000706200000| PB 0x0000000706200000| Untracked 
|  29|0x0000000706400000, 0x0000000706400000, 0x0000000706600000|  0%| F|  |TAMS 0x0000000706400000| PB 0x0000000706400000| Untracked 
|  30|0x0000000706600000, 0x0000000706600000, 0x0000000706800000|  0%| F|  |TAMS 0x0000000706600000| PB 0x0000000706600000| Untracked 
|  31|0x0000000706800000, 0x0000000706800000, 0x0000000706a00000|  0%| F|  |TAMS 0x0000000706800000| PB 0x0000000706800000| Untracked 
|  32|0x0000000706a00000, 0x0000000706a00000, 0x0000000706c00000|  0%| F|  |TAMS 0x0000000706a00000| PB 0x0000000706a00000| Untracked 
|  33|0x0000000706c00000, 0x0000000706c00000, 0x0000000706e00000|  0%| F|  |TAMS 0x0000000706c00000| PB 0x0000000706c00000| Untracked 
|  34|0x0000000706e00000, 0x0000000706e00000, 0x0000000707000000|  0%| F|  |TAMS 0x0000000706e00000| PB 0x0000000706e00000| Untracked 
|  35|0x0000000707000000, 0x0000000707000000, 0x0000000707200000|  0%| F|  |TAMS 0x0000000707000000| PB 0x0000000707000000| Untracked 
|  36|0x0000000707200000, 0x0000000707200000, 0x0000000707400000|  0%| F|  |TAMS 0x0000000707200000| PB 0x0000000707200000| Untracked 
|  37|0x0000000707400000, 0x0000000707400000, 0x0000000707600000|  0%| F|  |TAMS 0x0000000707400000| PB 0x0000000707400000| Untracked 
|  38|0x0000000707600000, 0x0000000707600000, 0x0000000707800000|  0%| F|  |TAMS 0x0000000707600000| PB 0x0000000707600000| Untracked 
|  39|0x0000000707800000, 0x0000000707800000, 0x0000000707a00000|  0%| F|  |TAMS 0x0000000707800000| PB 0x0000000707800000| Untracked 
|  40|0x0000000707a00000, 0x0000000707a00000, 0x0000000707c00000|  0%| F|  |TAMS 0x0000000707a00000| PB 0x0000000707a00000| Untracked 
|  41|0x0000000707c00000, 0x0000000707c00000, 0x0000000707e00000|  0%| F|  |TAMS 0x0000000707c00000| PB 0x0000000707c00000| Untracked 
|  42|0x0000000707e00000, 0x0000000707e00000, 0x0000000708000000|  0%| F|  |TAMS 0x0000000707e00000| PB 0x0000000707e00000| Untracked 
|  43|0x0000000708000000, 0x0000000708000000, 0x0000000708200000|  0%| F|  |TAMS 0x0000000708000000| PB 0x0000000708000000| Untracked 
|  44|0x0000000708200000, 0x0000000708200000, 0x0000000708400000|  0%| F|  |TAMS 0x0000000708200000| PB 0x0000000708200000| Untracked 
|  45|0x0000000708400000, 0x0000000708400000, 0x0000000708600000|  0%| F|  |TAMS 0x0000000708400000| PB 0x0000000708400000| Untracked 
|  46|0x0000000708600000, 0x0000000708600000, 0x0000000708800000|  0%| F|  |TAMS 0x0000000708600000| PB 0x0000000708600000| Untracked 
|  47|0x0000000708800000, 0x0000000708a00000, 0x0000000708a00000|100%|HS|  |TAMS 0x0000000708800000| PB 0x0000000708800000| Complete 
|  48|0x0000000708a00000, 0x0000000708c00000, 0x0000000708c00000|100%|HC|  |TAMS 0x0000000708a00000| PB 0x0000000708a00000| Complete 
|  49|0x0000000708c00000, 0x0000000708e00000, 0x0000000708e00000|100%|HC|  |TAMS 0x0000000708c00000| PB 0x0000000708c00000| Complete 
|  50|0x0000000708e00000, 0x0000000708e00000, 0x0000000709000000|  0%| F|  |TAMS 0x0000000708e00000| PB 0x0000000708e00000| Untracked 
|  51|0x0000000709000000, 0x0000000709000000, 0x0000000709200000|  0%| F|  |TAMS 0x0000000709000000| PB 0x0000000709000000| Untracked 
|  52|0x0000000709200000, 0x0000000709200000, 0x0000000709400000|  0%| F|  |TAMS 0x0000000709200000| PB 0x0000000709200000| Untracked 
|  53|0x0000000709400000, 0x0000000709400000, 0x0000000709600000|  0%| F|  |TAMS 0x0000000709400000| PB 0x0000000709400000| Untracked 
|  54|0x0000000709600000, 0x0000000709600000, 0x0000000709800000|  0%| F|  |TAMS 0x0000000709600000| PB 0x0000000709600000| Untracked 
|  55|0x0000000709800000, 0x0000000709800000, 0x0000000709a00000|  0%| F|  |TAMS 0x0000000709800000| PB 0x0000000709800000| Untracked 
|  56|0x0000000709a00000, 0x0000000709c00000, 0x0000000709c00000|100%| O|  |TAMS 0x0000000709a00000| PB 0x0000000709a00000| Untracked 
|  57|0x0000000709c00000, 0x0000000709c48870, 0x0000000709e00000| 14%| O|  |TAMS 0x0000000709c00000| PB 0x0000000709c00000| Untracked 
|  58|0x0000000709e00000, 0x0000000709e00000, 0x000000070a000000|  0%| F|  |TAMS 0x0000000709e00000| PB 0x0000000709e00000| Untracked 
|  59|0x000000070a000000, 0x000000070a000000, 0x000000070a200000|  0%| F|  |TAMS 0x000000070a000000| PB 0x000000070a000000| Untracked 
|  60|0x000000070a200000, 0x000000070a200000, 0x000000070a400000|  0%| F|  |TAMS 0x000000070a200000| PB 0x000000070a200000| Untracked 
|  61|0x000000070a400000, 0x000000070a400000, 0x000000070a600000|  0%| F|  |TAMS 0x000000070a400000| PB 0x000000070a400000| Untracked 
|  62|0x000000070a600000, 0x000000070a600000, 0x000000070a800000|  0%| F|  |TAMS 0x000000070a600000| PB 0x000000070a600000| Untracked 
|  63|0x000000070a800000, 0x000000070a800000, 0x000000070aa00000|  0%| F|  |TAMS 0x000000070a800000| PB 0x000000070a800000| Untracked 
|  64|0x000000070aa00000, 0x000000070aa00000, 0x000000070ac00000|  0%| F|  |TAMS 0x000000070aa00000| PB 0x000000070aa00000| Untracked 
|  65|0x000000070ac00000, 0x000000070ac00000, 0x000000070ae00000|  0%| F|  |TAMS 0x000000070ac00000| PB 0x000000070ac00000| Untracked 
|  66|0x000000070ae00000, 0x000000070ae00000, 0x000000070b000000|  0%| F|  |TAMS 0x000000070ae00000| PB 0x000000070ae00000| Untracked 
|  67|0x000000070b000000, 0x000000070b000000, 0x000000070b200000|  0%| F|  |TAMS 0x000000070b000000| PB 0x000000070b000000| Untracked 
|  68|0x000000070b200000, 0x000000070b200000, 0x000000070b400000|  0%| F|  |TAMS 0x000000070b200000| PB 0x000000070b200000| Untracked 
|  69|0x000000070b400000, 0x000000070b400000, 0x000000070b600000|  0%| F|  |TAMS 0x000000070b400000| PB 0x000000070b400000| Untracked 
|  70|0x000000070b600000, 0x000000070b600000, 0x000000070b800000|  0%| F|  |TAMS 0x000000070b600000| PB 0x000000070b600000| Untracked 
|  71|0x000000070b800000, 0x000000070b800000, 0x000000070ba00000|  0%| F|  |TAMS 0x000000070b800000| PB 0x000000070b800000| Untracked 
|  72|0x000000070ba00000, 0x000000070ba00000, 0x000000070bc00000|  0%| F|  |TAMS 0x000000070ba00000| PB 0x000000070ba00000| Untracked 
|  73|0x000000070bc00000, 0x000000070bc00000, 0x000000070be00000|  0%| F|  |TAMS 0x000000070bc00000| PB 0x000000070bc00000| Untracked 
|  74|0x000000070be00000, 0x000000070be00000, 0x000000070c000000|  0%| F|  |TAMS 0x000000070be00000| PB 0x000000070be00000| Untracked 
|  75|0x000000070c000000, 0x000000070c000000, 0x000000070c200000|  0%| F|  |TAMS 0x000000070c000000| PB 0x000000070c000000| Untracked 
|  76|0x000000070c200000, 0x000000070c200000, 0x000000070c400000|  0%| F|  |TAMS 0x000000070c200000| PB 0x000000070c200000| Untracked 
|  77|0x000000070c400000, 0x000000070c400000, 0x000000070c600000|  0%| F|  |TAMS 0x000000070c400000| PB 0x000000070c400000| Untracked 
|  78|0x000000070c600000, 0x000000070c600000, 0x000000070c800000|  0%| F|  |TAMS 0x000000070c600000| PB 0x000000070c600000| Untracked 
|  79|0x000000070c800000, 0x000000070c800000, 0x000000070ca00000|  0%| F|  |TAMS 0x000000070c800000| PB 0x000000070c800000| Untracked 
|  80|0x000000070ca00000, 0x000000070ca00000, 0x000000070cc00000|  0%| F|  |TAMS 0x000000070ca00000| PB 0x000000070ca00000| Untracked 
|  81|0x000000070cc00000, 0x000000070cc00000, 0x000000070ce00000|  0%| F|  |TAMS 0x000000070cc00000| PB 0x000000070cc00000| Untracked 
|  82|0x000000070ce00000, 0x000000070ce00000, 0x000000070d000000|  0%| F|  |TAMS 0x000000070ce00000| PB 0x000000070ce00000| Untracked 
|  83|0x000000070d000000, 0x000000070d000000, 0x000000070d200000|  0%| F|  |TAMS 0x000000070d000000| PB 0x000000070d000000| Untracked 
|  84|0x000000070d200000, 0x000000070d200000, 0x000000070d400000|  0%| F|  |TAMS 0x000000070d200000| PB 0x000000070d200000| Untracked 
|  85|0x000000070d400000, 0x000000070d400000, 0x000000070d600000|  0%| F|  |TAMS 0x000000070d400000| PB 0x000000070d400000| Untracked 
|  86|0x000000070d600000, 0x000000070d600000, 0x000000070d800000|  0%| F|  |TAMS 0x000000070d600000| PB 0x000000070d600000| Untracked 
|  87|0x000000070d800000, 0x000000070d800000, 0x000000070da00000|  0%| F|  |TAMS 0x000000070d800000| PB 0x000000070d800000| Untracked 
|  88|0x000000070da00000, 0x000000070da00000, 0x000000070dc00000|  0%| F|  |TAMS 0x000000070da00000| PB 0x000000070da00000| Untracked 
|  89|0x000000070dc00000, 0x000000070dc00000, 0x000000070de00000|  0%| F|  |TAMS 0x000000070dc00000| PB 0x000000070dc00000| Untracked 
|  90|0x000000070de00000, 0x000000070de00000, 0x000000070e000000|  0%| F|  |TAMS 0x000000070de00000| PB 0x000000070de00000| Untracked 
|  91|0x000000070e000000, 0x000000070e003060, 0x000000070e200000|  0%| S|CS|TAMS 0x000000070e000000| PB 0x000000070e000000| Complete 
|  92|0x000000070e200000, 0x000000070e200000, 0x000000070e400000|  0%| F|  |TAMS 0x000000070e200000| PB 0x000000070e200000| Untracked 
|  93|0x000000070e400000, 0x000000070e400000, 0x000000070e600000|  0%| F|  |TAMS 0x000000070e400000| PB 0x000000070e400000| Untracked 
|  94|0x000000070e600000, 0x000000070e600000, 0x000000070e800000|  0%| F|  |TAMS 0x000000070e600000| PB 0x000000070e600000| Untracked 
|  95|0x000000070e800000, 0x000000070e800000, 0x000000070ea00000|  0%| F|  |TAMS 0x000000070e800000| PB 0x000000070e800000| Untracked 
|  96|0x000000070ea00000, 0x000000070ea00000, 0x000000070ec00000|  0%| F|  |TAMS 0x000000070ea00000| PB 0x000000070ea00000| Untracked 
|  97|0x000000070ec00000, 0x000000070ec00000, 0x000000070ee00000|  0%| F|  |TAMS 0x000000070ec00000| PB 0x000000070ec00000| Untracked 
|  98|0x000000070ee00000, 0x000000070ee00000, 0x000000070f000000|  0%| F|  |TAMS 0x000000070ee00000| PB 0x000000070ee00000| Untracked 
|  99|0x000000070f000000, 0x000000070f000000, 0x000000070f200000|  0%| F|  |TAMS 0x000000070f000000| PB 0x000000070f000000| Untracked 
| 100|0x000000070f200000, 0x000000070f200000, 0x000000070f400000|  0%| F|  |TAMS 0x000000070f200000| PB 0x000000070f200000| Untracked 
| 101|0x000000070f400000, 0x000000070f400000, 0x000000070f600000|  0%| F|  |TAMS 0x000000070f400000| PB 0x000000070f400000| Untracked 
| 102|0x000000070f600000, 0x000000070f600000, 0x000000070f800000|  0%| F|  |TAMS 0x000000070f600000| PB 0x000000070f600000| Untracked 
| 103|0x000000070f800000, 0x000000070f800000, 0x000000070fa00000|  0%| F|  |TAMS 0x000000070f800000| PB 0x000000070f800000| Untracked 
| 104|0x000000070fa00000, 0x000000070fa00000, 0x000000070fc00000|  0%| F|  |TAMS 0x000000070fa00000| PB 0x000000070fa00000| Untracked 
| 105|0x000000070fc00000, 0x000000070fc00000, 0x000000070fe00000|  0%| F|  |TAMS 0x000000070fc00000| PB 0x000000070fc00000| Untracked 
| 106|0x000000070fe00000, 0x000000070fe00000, 0x0000000710000000|  0%| F|  |TAMS 0x000000070fe00000| PB 0x000000070fe00000| Untracked 
| 107|0x0000000710000000, 0x0000000710000000, 0x0000000710200000|  0%| F|  |TAMS 0x0000000710000000| PB 0x0000000710000000| Untracked 
| 108|0x0000000710200000, 0x0000000710200000, 0x0000000710400000|  0%| F|  |TAMS 0x0000000710200000| PB 0x0000000710200000| Untracked 
| 109|0x0000000710400000, 0x0000000710400000, 0x0000000710600000|  0%| F|  |TAMS 0x0000000710400000| PB 0x0000000710400000| Untracked 
| 110|0x0000000710600000, 0x0000000710600000, 0x0000000710800000|  0%| F|  |TAMS 0x0000000710600000| PB 0x0000000710600000| Untracked 
| 111|0x0000000710800000, 0x0000000710800000, 0x0000000710a00000|  0%| F|  |TAMS 0x0000000710800000| PB 0x0000000710800000| Untracked 
| 112|0x0000000710a00000, 0x0000000710a00000, 0x0000000710c00000|  0%| F|  |TAMS 0x0000000710a00000| PB 0x0000000710a00000| Untracked 
| 113|0x0000000710c00000, 0x0000000710c00000, 0x0000000710e00000|  0%| F|  |TAMS 0x0000000710c00000| PB 0x0000000710c00000| Untracked 
| 114|0x0000000710e00000, 0x0000000710e00000, 0x0000000711000000|  0%| F|  |TAMS 0x0000000710e00000| PB 0x0000000710e00000| Untracked 
| 115|0x0000000711000000, 0x0000000711000000, 0x0000000711200000|  0%| F|  |TAMS 0x0000000711000000| PB 0x0000000711000000| Untracked 
| 116|0x0000000711200000, 0x0000000711300800, 0x0000000711400000| 50%| E|  |TAMS 0x0000000711200000| PB 0x0000000711200000| Complete 
| 117|0x0000000711400000, 0x0000000711600000, 0x0000000711600000|100%| E|CS|TAMS 0x0000000711400000| PB 0x0000000711400000| Complete 
| 118|0x0000000711600000, 0x0000000711800000, 0x0000000711800000|100%| E|CS|TAMS 0x0000000711600000| PB 0x0000000711600000| Complete 
| 119|0x0000000711800000, 0x0000000711a00000, 0x0000000711a00000|100%| E|CS|TAMS 0x0000000711800000| PB 0x0000000711800000| Complete 
| 120|0x0000000711a00000, 0x0000000711c00000, 0x0000000711c00000|100%| E|CS|TAMS 0x0000000711a00000| PB 0x0000000711a00000| Complete 
| 121|0x0000000711c00000, 0x0000000711e00000, 0x0000000711e00000|100%| E|CS|TAMS 0x0000000711c00000| PB 0x0000000711c00000| Complete 
| 122|0x0000000711e00000, 0x0000000712000000, 0x0000000712000000|100%| E|CS|TAMS 0x0000000711e00000| PB 0x0000000711e00000| Complete 
| 123|0x0000000712000000, 0x0000000712200000, 0x0000000712200000|100%| E|CS|TAMS 0x0000000712000000| PB 0x0000000712000000| Complete 
| 124|0x0000000712200000, 0x0000000712400000, 0x0000000712400000|100%| E|CS|TAMS 0x0000000712200000| PB 0x0000000712200000| Complete 
| 125|0x0000000712400000, 0x0000000712600000, 0x0000000712600000|100%| E|CS|TAMS 0x0000000712400000| PB 0x0000000712400000| Complete 
| 126|0x0000000712600000, 0x0000000712800000, 0x0000000712800000|100%| E|CS|TAMS 0x0000000712600000| PB 0x0000000712600000| Complete 

Card table byte_map: [0x000002a437740000,0x000002a437f30000] _byte_map_base: 0x000002a433f2b000

Marking Bits: (CMBitMap*) 0x000002a41f623c10
 Bits: [0x000002a437f30000, 0x000002a43be88000)

Polling page: 0x000002a41d4e0000

Metaspace:

Usage:
  Non-class:     13.85 MB used.
      Class:      1.91 MB used.
       Both:     15.76 MB used.

Virtual space:
  Non-class space:       64.00 MB reserved,      14.00 MB ( 22%) committed,  1 nodes.
      Class space:        1.00 GB reserved,       2.00 MB ( <1%) committed,  1 nodes.
             Both:        1.06 GB reserved,      16.00 MB (  1%) committed. 

Chunk freelists:
   Non-Class:  1.69 MB
       Class:  14.01 MB
        Both:  15.70 MB

MaxMetaspaceSize: unlimited
CompressedClassSpaceSize: 1.00 GB
Initial GC threshold: 21.00 MB
Current GC threshold: 21.00 MB
CDS: on
 - commit_granule_bytes: 65536.
 - commit_granule_words: 8192.
 - virtual_space_node_default_size: 8388608.
 - enlarge_chunks_in_place: 1.
 - use_allocation_guard: 0.


Internal statistics:

num_allocs_failed_limit: 0.
num_arena_births: 328.
num_arena_deaths: 0.
num_vsnodes_births: 2.
num_vsnodes_deaths: 0.
num_space_committed: 256.
num_space_uncommitted: 0.
num_chunks_returned_to_freelist: 0.
num_chunks_taken_from_freelist: 786.
num_chunk_merges: 0.
num_chunk_splits: 484.
num_chunks_enlarged: 310.
num_inconsistent_stats: 0.

CodeHeap 'non-profiled nmethods': size=120000Kb used=1066Kb max_used=1066Kb free=118933Kb
 bounds [0x000002a42f4d0000, 0x000002a42f740000, 0x000002a436a00000]
CodeHeap 'profiled nmethods': size=120000Kb used=4892Kb max_used=4892Kb free=115107Kb
 bounds [0x000002a427a00000, 0x000002a427ed0000, 0x000002a42ef30000]
CodeHeap 'non-nmethods': size=5760Kb used=1778Kb max_used=1808Kb free=3981Kb
 bounds [0x000002a42ef30000, 0x000002a42f1a0000, 0x000002a42f4d0000]
 total_blobs=3345 nmethods=2542 adapters=707
 compilation: enabled
              stopped_count=0, restarted_count=0
 full_count=0

Compilation events (20 events):
Event: 39.346 Thread 0x000002a43e29a070 nmethod 2532 0x000002a427ec1e90 code [0x000002a427ec2040, 0x000002a427ec22a8]
Event: 39.346 Thread 0x000002a43e29a070 2534       3       java.lang.StringBuilder::append (9 bytes)
Event: 39.346 Thread 0x000002a43e29a070 nmethod 2534 0x000002a427ec2390 code [0x000002a427ec2560, 0x000002a427ec28a0]
Event: 39.346 Thread 0x000002a43e28f5b0 nmethod 2533 0x000002a42f5d9610 code [0x000002a42f5d97a0, 0x000002a42f5d9858]
Event: 39.349 Thread 0x000002a43e28f5b0 2535  s    4       java.lang.StringBuffer::append (13 bytes)
Event: 39.352 Thread 0x000002a43e29a070 2536       3       java.lang.AbstractStringBuilder::append (55 bytes)
Event: 39.353 Thread 0x000002a43e29a070 nmethod 2536 0x000002a427ec2a10 code [0x000002a427ec2c00, 0x000002a427ec2f60]
Event: 39.353 Thread 0x000002a43e29a070 2537       3       java.lang.StackTraceElement::toString (298 bytes)
Event: 39.354 Thread 0x000002a43e29a070 nmethod 2537 0x000002a427ec3090 code [0x000002a427ec3540, 0x000002a427ec5610]
Event: 39.354 Thread 0x000002a43e29a070 2540       3       java.util.logging.LogManager::getProperty (9 bytes)
Event: 39.355 Thread 0x000002a43e29a070 nmethod 2540 0x000002a427ec6190 code [0x000002a427ec6340, 0x000002a427ec6520]
Event: 39.355 Thread 0x000002a43e29a070 2538       3       java.lang.StackTraceElement::dropClassLoaderName (16 bytes)
Event: 39.355 Thread 0x000002a43e29a070 nmethod 2538 0x000002a427ec6610 code [0x000002a427ec67a0, 0x000002a427ec6910]
Event: 39.355 Thread 0x000002a43e29a070 2539       3       java.nio.CharBuffer::position (6 bytes)
Event: 39.355 Thread 0x000002a43e29a070 nmethod 2539 0x000002a427ec6990 code [0x000002a427ec6b40, 0x000002a427ec6cf8]
Event: 39.357 Thread 0x000002a43e28f5b0 nmethod 2535 0x000002a42f5d9910 code [0x000002a42f5d9b00, 0x000002a42f5da4c0]
Event: 39.436 Thread 0x000002a43e29a070 2541       3       java.util.Formatter$Flags::contains (13 bytes)
Event: 39.436 Thread 0x000002a43e29a070 nmethod 2541 0x000002a427ec6e10 code [0x000002a427ec6fa0, 0x000002a427ec70f0]
Event: 39.436 Thread 0x000002a43e29a070 2542       1       javax.management.ObjectName$Property::setKeyIndex (6 bytes)
Event: 39.436 Thread 0x000002a43e29a070 nmethod 2542 0x000002a42f5da810 code [0x000002a42f5da9a0, 0x000002a42f5daa68]

GC Heap History (20 events):
Event: 28.226 GC heap before
{Heap before GC invocations=16 (full 0):
 garbage-first heap   total 260096K, used 190587K [0x0000000702a00000, 0x0000000800000000)
  region size 2048K, 40 young (81920K), 2 survivors (4096K)
 Metaspace       used 15953K, committed 16256K, reserved 1114112K
  class space    used 1932K, committed 2048K, reserved 1048576K
}
Event: 28.228 GC heap after
{Heap after GC invocations=17 (full 0):
 garbage-first heap   total 260096K, used 6532K [0x0000000702a00000, 0x0000000800000000)
  region size 2048K, 1 young (2048K), 1 survivors (2048K)
 Metaspace       used 15953K, committed 16256K, reserved 1114112K
  class space    used 1932K, committed 2048K, reserved 1048576K
}
Event: 29.554 GC heap before
{Heap before GC invocations=17 (full 0):
 garbage-first heap   total 260096K, used 190852K [0x0000000702a00000, 0x0000000800000000)
  region size 2048K, 39 young (79872K), 1 survivors (2048K)
 Metaspace       used 15955K, committed 16256K, reserved 1114112K
  class space    used 1932K, committed 2048K, reserved 1048576K
}
Event: 29.555 GC heap after
{Heap after GC invocations=18 (full 0):
 garbage-first heap   total 260096K, used 6469K [0x0000000702a00000, 0x0000000800000000)
  region size 2048K, 1 young (2048K), 1 survivors (2048K)
 Metaspace       used 15955K, committed 16256K, reserved 1114112K
  class space    used 1932K, committed 2048K, reserved 1048576K
}
Event: 30.714 GC heap before
{Heap before GC invocations=18 (full 0):
 garbage-first heap   total 260096K, used 176453K [0x0000000702a00000, 0x0000000800000000)
  region size 2048K, 35 young (71680K), 1 survivors (2048K)
 Metaspace       used 15959K, committed 16256K, reserved 1114112K
  class space    used 1932K, committed 2048K, reserved 1048576K
}
Event: 30.715 GC heap after
{Heap after GC invocations=19 (full 0):
 garbage-first heap   total 260096K, used 12574K [0x0000000702a00000, 0x0000000800000000)
  region size 2048K, 1 young (2048K), 1 survivors (2048K)
 Metaspace       used 15959K, committed 16256K, reserved 1114112K
  class space    used 1932K, committed 2048K, reserved 1048576K
}
Event: 31.905 GC heap before
{Heap before GC invocations=19 (full 0):
 garbage-first heap   total 260096K, used 176414K [0x0000000702a00000, 0x0000000800000000)
  region size 2048K, 35 young (71680K), 1 survivors (2048K)
 Metaspace       used 15959K, committed 16256K, reserved 1114112K
  class space    used 1932K, committed 2048K, reserved 1048576K
}
Event: 31.906 GC heap after
{Heap after GC invocations=20 (full 0):
 garbage-first heap   total 260096K, used 12570K [0x0000000702a00000, 0x0000000800000000)
  region size 2048K, 1 young (2048K), 1 survivors (2048K)
 Metaspace       used 15959K, committed 16256K, reserved 1114112K
  class space    used 1932K, committed 2048K, reserved 1048576K
}
Event: 33.055 GC heap before
{Heap before GC invocations=20 (full 0):
 garbage-first heap   total 260096K, used 176410K [0x0000000702a00000, 0x0000000800000000)
  region size 2048K, 35 young (71680K), 1 survivors (2048K)
 Metaspace       used 15961K, committed 16256K, reserved 1114112K
  class space    used 1932K, committed 2048K, reserved 1048576K
}
Event: 33.056 GC heap after
{Heap after GC invocations=21 (full 0):
 garbage-first heap   total 260096K, used 12572K [0x0000000702a00000, 0x0000000800000000)
  region size 2048K, 1 young (2048K), 1 survivors (2048K)
 Metaspace       used 15961K, committed 16256K, reserved 1114112K
  class space    used 1932K, committed 2048K, reserved 1048576K
}
Event: 34.215 GC heap before
{Heap before GC invocations=21 (full 0):
 garbage-first heap   total 260096K, used 176412K [0x0000000702a00000, 0x0000000800000000)
  region size 2048K, 35 young (71680K), 1 survivors (2048K)
 Metaspace       used 15962K, committed 16256K, reserved 1114112K
  class space    used 1932K, committed 2048K, reserved 1048576K
}
Event: 34.215 GC heap after
{Heap after GC invocations=22 (full 0):
 garbage-first heap   total 260096K, used 12574K [0x0000000702a00000, 0x0000000800000000)
  region size 2048K, 1 young (2048K), 1 survivors (2048K)
 Metaspace       used 15962K, committed 16256K, reserved 1114112K
  class space    used 1932K, committed 2048K, reserved 1048576K
}
Event: 35.398 GC heap before
{Heap before GC invocations=22 (full 0):
 garbage-first heap   total 260096K, used 176414K [0x0000000702a00000, 0x0000000800000000)
  region size 2048K, 35 young (71680K), 1 survivors (2048K)
 Metaspace       used 15963K, committed 16256K, reserved 1114112K
  class space    used 1932K, committed 2048K, reserved 1048576K
}
Event: 35.399 GC heap after
{Heap after GC invocations=23 (full 0):
 garbage-first heap   total 260096K, used 12574K [0x0000000702a00000, 0x0000000800000000)
  region size 2048K, 1 young (2048K), 1 survivors (2048K)
 Metaspace       used 15963K, committed 16256K, reserved 1114112K
  class space    used 1932K, committed 2048K, reserved 1048576K
}
Event: 36.546 GC heap before
{Heap before GC invocations=23 (full 0):
 garbage-first heap   total 260096K, used 176414K [0x0000000702a00000, 0x0000000800000000)
  region size 2048K, 35 young (71680K), 1 survivors (2048K)
 Metaspace       used 15966K, committed 16256K, reserved 1114112K
  class space    used 1932K, committed 2048K, reserved 1048576K
}
Event: 36.547 GC heap after
{Heap after GC invocations=24 (full 0):
 garbage-first heap   total 260096K, used 12582K [0x0000000702a00000, 0x0000000800000000)
  region size 2048K, 1 young (2048K), 1 survivors (2048K)
 Metaspace       used 15966K, committed 16256K, reserved 1114112K
  class space    used 1932K, committed 2048K, reserved 1048576K
}
Event: 37.779 GC heap before
{Heap before GC invocations=24 (full 0):
 garbage-first heap   total 260096K, used 176422K [0x0000000702a00000, 0x0000000800000000)
  region size 2048K, 35 young (71680K), 1 survivors (2048K)
 Metaspace       used 15972K, committed 16256K, reserved 1114112K
  class space    used 1932K, committed 2048K, reserved 1048576K
}
Event: 37.780 GC heap after
{Heap after GC invocations=25 (full 0):
 garbage-first heap   total 260096K, used 12590K [0x0000000702a00000, 0x0000000800000000)
  region size 2048K, 1 young (2048K), 1 survivors (2048K)
 Metaspace       used 15972K, committed 16256K, reserved 1114112K
  class space    used 1932K, committed 2048K, reserved 1048576K
}
Event: 39.053 GC heap before
{Heap before GC invocations=25 (full 0):
 garbage-first heap   total 260096K, used 176430K [0x0000000702a00000, 0x0000000800000000)
  region size 2048K, 35 young (71680K), 1 survivors (2048K)
 Metaspace       used 15974K, committed 16256K, reserved 1114112K
  class space    used 1932K, committed 2048K, reserved 1048576K
}
Event: 39.054 GC heap after
{Heap after GC invocations=26 (full 0):
 garbage-first heap   total 260096K, used 12590K [0x0000000702a00000, 0x0000000800000000)
  region size 2048K, 1 young (2048K), 1 survivors (2048K)
 Metaspace       used 15974K, committed 16256K, reserved 1114112K
  class space    used 1932K, committed 2048K, reserved 1048576K
}

Dll operation events (12 events):
Event: 0.007 Loaded shared library D:\zoo\jdk-21\bin\java.dll
Event: 0.028 Loaded shared library D:\zoo\jdk-21\bin\jsvml.dll
Event: 0.040 Loaded shared library D:\zoo\jdk-21\bin\net.dll
Event: 0.041 Loaded shared library D:\zoo\jdk-21\bin\nio.dll
Event: 0.043 Loaded shared library D:\zoo\jdk-21\bin\zip.dll
Event: 0.081 Loaded shared library D:\zoo\jdk-21\bin\management.dll
Event: 0.085 Loaded shared library D:\zoo\jdk-21\bin\management_ext.dll
Event: 0.097 Loaded shared library D:\zoo\jdk-21\bin\jimage.dll
Event: 0.469 Loaded shared library D:\zoo\jdk-21\bin\verify.dll
Event: 1.731 Loaded shared library D:\TMP\opencv_openpnp17880173727018840120\nu\pattern\opencv\windows\x86_64\opencv_java490.dll
Event: 2.013 Loaded shared library D:\TMP\onnxruntime-java2469697304696491540\onnxruntime.dll
Event: 2.031 Loaded shared library D:\TMP\onnxruntime-java2469697304696491540\onnxruntime4j_jni.dll

Deoptimization events (20 events):
Event: 9.112 Thread 0x000002a41d311590 DEOPT PACKING pc=0x000002a42f5aa104 sp=0x000000c7d01fc670
Event: 9.112 Thread 0x000002a41d311590 DEOPT UNPACKING pc=0x000002a42ef846a2 sp=0x000000c7d01fc640 mode 2
Event: 9.113 Thread 0x000002a41d311590 Uncommon trap: trap_request=0xffffffde fr.pc=0x000002a42f5ab230 relative=0x0000000000000450
Event: 9.113 Thread 0x000002a41d311590 Uncommon trap: reason=class_check action=maybe_recompile pc=0x000002a42f5ab230 method=java.lang.String.<init>(Ljava/lang/AbstractStringBuilder;Ljava/lang/Void;)V @ 10 c2
Event: 9.113 Thread 0x000002a41d311590 DEOPT PACKING pc=0x000002a42f5ab230 sp=0x000000c7d01fc630
Event: 9.113 Thread 0x000002a41d311590 DEOPT UNPACKING pc=0x000002a42ef846a2 sp=0x000000c7d01fc5f8 mode 2
Event: 9.252 Thread 0x000002a41d311590 Uncommon trap: trap_request=0xffffffde fr.pc=0x000002a42f5ab230 relative=0x0000000000000450
Event: 9.252 Thread 0x000002a41d311590 Uncommon trap: reason=class_check action=maybe_recompile pc=0x000002a42f5ab230 method=java.lang.String.<init>(Ljava/lang/AbstractStringBuilder;Ljava/lang/Void;)V @ 10 c2
Event: 9.252 Thread 0x000002a41d311590 DEOPT PACKING pc=0x000002a42f5ab230 sp=0x000000c7d01fc630
Event: 9.252 Thread 0x000002a41d311590 DEOPT UNPACKING pc=0x000002a42ef846a2 sp=0x000000c7d01fc5f8 mode 2
Event: 9.404 Thread 0x000002a41d311590 Uncommon trap: trap_request=0xffffffde fr.pc=0x000002a42f5ab230 relative=0x0000000000000450
Event: 9.404 Thread 0x000002a41d311590 Uncommon trap: reason=class_check action=maybe_recompile pc=0x000002a42f5ab230 method=java.lang.String.<init>(Ljava/lang/AbstractStringBuilder;Ljava/lang/Void;)V @ 10 c2
Event: 9.404 Thread 0x000002a41d311590 DEOPT PACKING pc=0x000002a42f5ab230 sp=0x000000c7d01fc630
Event: 9.404 Thread 0x000002a41d311590 DEOPT UNPACKING pc=0x000002a42ef846a2 sp=0x000000c7d01fc5f8 mode 2
Event: 10.942 Thread 0x000002a41d311590 DEOPT PACKING pc=0x000002a427e2d362 sp=0x000000c7d01fc630
Event: 10.942 Thread 0x000002a41d311590 DEOPT UNPACKING pc=0x000002a42ef84e42 sp=0x000000c7d01fbbc0 mode 0
Event: 39.345 Thread 0x000002a43ef3e960 Uncommon trap: trap_request=0xffffff45 fr.pc=0x000002a42f5a678c relative=0x000000000000060c
Event: 39.345 Thread 0x000002a43ef3e960 Uncommon trap: reason=unstable_if action=reinterpret pc=0x000002a42f5a678c method=java.lang.Integer.getChars(II[B)I @ 25 c2
Event: 39.345 Thread 0x000002a43ef3e960 DEOPT PACKING pc=0x000002a42f5a678c sp=0x000000c7d14ff050
Event: 39.345 Thread 0x000002a43ef3e960 DEOPT UNPACKING pc=0x000002a42ef846a2 sp=0x000000c7d14fef98 mode 2

Classes loaded (20 events):
Event: 39.344 Loading class java/util/stream/Sink$OfLong
Event: 39.344 Loading class java/util/stream/Sink$OfLong done
Event: 39.344 Loading class java/util/stream/Node$Builder$OfLong done
Event: 39.344 Loading class java/util/stream/Nodes$LongArrayNode
Event: 39.344 Loading class java/util/stream/Nodes$LongArrayNode done
Event: 39.344 Loading class java/util/stream/Nodes$LongFixedNodeBuilder done
Event: 39.344 Loading class java/util/stream/ReferencePipeline$5$1
Event: 39.344 Loading class java/util/stream/ReferencePipeline$5$1 done
Event: 39.349 Loading class java/io/PrintWriter
Event: 39.349 Loading class java/io/PrintWriter done
Event: 39.349 Loading class java/io/PrintWriter$1
Event: 39.349 Loading class jdk/internal/access/JavaIOPrintWriterAccess
Event: 39.349 Loading class jdk/internal/access/JavaIOPrintWriterAccess done
Event: 39.349 Loading class java/io/PrintWriter$1 done
Event: 39.350 Loading class java/lang/Throwable$WrappedPrintWriter
Event: 39.350 Loading class java/lang/Throwable$PrintStreamOrWriter
Event: 39.350 Loading class java/lang/Throwable$PrintStreamOrWriter done
Event: 39.350 Loading class java/lang/Throwable$WrappedPrintWriter done
Event: 39.350 Loading class java/lang/StackTraceElement$HashedModules
Event: 39.350 Loading class java/lang/StackTraceElement$HashedModules done

Classes unloaded (0 events):
No events

Classes redefined (0 events):
No events

Internal exceptions (20 events):
Event: 0.731 Thread 0x000002a41d311590 Exception <a 'java/lang/NoSuchMethodError'{0x0000000711a3d410}: 'void java.lang.invoke.Invokers$Holder.invokeExact_MT(java.lang.Object, java.lang.Object, int, java.lang.Object)'> (0x0000000711a3d410) 
thrown [s\open\src\hotspot\share\interpreter\linkResolver.cpp, line 773]
Event: 0.755 Thread 0x000002a41d311590 Exception <a 'java/lang/IncompatibleClassChangeError'{0x0000000711b0e850}: Found class java.lang.Object, but interface was expected> (0x0000000711b0e850) 
thrown [s\open\src\hotspot\share\interpreter\linkResolver.cpp, line 840]
Event: 0.889 Thread 0x000002a41d311590 Exception <a 'java/lang/NoSuchMethodError'{0x0000000711465370}: 'void java.lang.invoke.DirectMethodHandle$Holder.invokeVirtual(java.lang.Object, java.lang.Object)'> (0x0000000711465370) 
thrown [s\open\src\hotspot\share\interpreter\linkResolver.cpp, line 773]
Event: 0.957 Thread 0x000002a41d311590 Exception <a 'java/lang/NoSuchMethodError'{0x0000000711289590}: 'java.lang.Object java.lang.invoke.DirectMethodHandle$Holder.invokeStaticInit(java.lang.Object, int, int, int, int)'> (0x0000000711289590) 
thrown [s\open\src\hotspot\share\interpreter\linkResolver.cpp, line 773]
Event: 0.968 Thread 0x000002a41d311590 Exception <a 'java/lang/NoSuchMethodError'{0x00000007112d8b18}: 'java.lang.Object java.lang.invoke.DirectMethodHandle$Holder.invokeStaticInit(java.lang.Object, java.lang.Object, int, int, int, int)'> (0x00000007112d8b18) 
thrown [s\open\src\hotspot\share\interpreter\linkResolver.cpp, line 773]
Event: 0.999 Thread 0x000002a41d311590 Exception <a 'sun/nio/fs/WindowsException'{0x0000000711307290}> (0x0000000711307290) 
thrown [s\open\src\hotspot\share\prims\jni.cpp, line 520]
Event: 0.999 Thread 0x000002a41d311590 Exception <a 'sun/nio/fs/WindowsException'{0x0000000711307f88}> (0x0000000711307f88) 
thrown [s\open\src\hotspot\share\prims\jni.cpp, line 520]
Event: 0.999 Thread 0x000002a41d311590 Exception <a 'sun/nio/fs/WindowsException'{0x0000000711308920}> (0x0000000711308920) 
thrown [s\open\src\hotspot\share\prims\jni.cpp, line 520]
Event: 0.999 Thread 0x000002a41d311590 Exception <a 'sun/nio/fs/WindowsException'{0x00000007113092a0}> (0x00000007113092a0) 
thrown [s\open\src\hotspot\share\prims\jni.cpp, line 520]
Event: 0.999 Thread 0x000002a41d311590 Exception <a 'sun/nio/fs/WindowsException'{0x0000000711309c08}> (0x0000000711309c08) 
thrown [s\open\src\hotspot\share\prims\jni.cpp, line 520]
Event: 0.999 Thread 0x000002a41d311590 Exception <a 'sun/nio/fs/WindowsException'{0x000000071130a570}> (0x000000071130a570) 
thrown [s\open\src\hotspot\share\prims\jni.cpp, line 520]
Event: 2.060 Thread 0x000002a41d311590 Exception <a 'java/lang/NoSuchMethodError'{0x00000007113abcb0}: 'long java.lang.invoke.DirectMethodHandle$Holder.invokeStatic(java.lang.Object)'> (0x00000007113abcb0) 
thrown [s\open\src\hotspot\share\interpreter\linkResolver.cpp, line 773]
Event: 8.046 Thread 0x000002a41d311590 Implicit null exception at 0x000002a42f58fc0e to 0x000002a42f58fca8
Event: 8.729 Thread 0x000002a41d311590 Implicit null exception at 0x000002a42f548409 to 0x000002a42f548cc0
Event: 8.946 Thread 0x000002a41d311590 Exception <a 'java/lang/NoSuchMethodError'{0x0000000710518088}: 'java.lang.Object java.lang.invoke.DirectMethodHandle$Holder.newInvokeSpecial(java.lang.Object, java.lang.Object, java.lang.Object, float)'> (0x0000000710518088) 
thrown [s\open\src\hotspot\share\interpreter\linkResolver.cpp, line 773]
Event: 8.946 Thread 0x000002a41d311590 Exception <a 'java/lang/NoSuchMethodError'{0x000000071051c498}: 'java.lang.Object java.lang.invoke.DirectMethodHandle$Holder.invokeSpecial(java.lang.Object, java.lang.Object, java.lang.Object, java.lang.Object, float)'> (0x000000071051c498) 
thrown [s\open\src\hotspot\share\interpreter\linkResolver.cpp, line 773]
Event: 8.947 Thread 0x000002a41d311590 Exception <a 'java/lang/NoSuchMethodError'{0x0000000710520090}: 'java.lang.Object java.lang.invoke.Invokers$Holder.linkToTargetMethod(java.lang.Object, java.lang.Object, float, java.lang.Object)'> (0x0000000710520090) 
thrown [s\open\src\hotspot\share\interpreter\linkResolver.cpp, line 773]
Event: 8.957 Thread 0x000002a41d311590 Exception <a 'java/lang/NoSuchMethodError'{0x0000000710583ff0}: 'float java.lang.invoke.DelegatingMethodHandle$Holder.reinvoke_L(java.lang.Object, java.lang.Object)'> (0x0000000710583ff0) 
thrown [s\open\src\hotspot\share\interpreter\linkResolver.cpp, line 773]
Event: 8.957 Thread 0x000002a41d311590 Exception <a 'java/lang/NoSuchMethodError'{0x000000071058e4d8}: 'void java.lang.invoke.DelegatingMethodHandle$Holder.reinvoke_L(java.lang.Object, java.lang.Object, float)'> (0x000000071058e4d8) 
thrown [s\open\src\hotspot\share\interpreter\linkResolver.cpp, line 773]
Event: 8.958 Thread 0x000002a41d311590 Exception <a 'java/lang/NoSuchMethodError'{0x00000007105952f8}: 'float java.lang.invoke.Invokers$Holder.invokeExact_MT(java.lang.Object, java.lang.Object, java.lang.Object)'> (0x00000007105952f8) 
thrown [s\open\src\hotspot\share\interpreter\linkResolver.cpp, line 773]

ZGC Phase Switch (0 events):
No events

VM Operations (20 events):
Event: 35.230 Executing VM operation: Cleanup done
Event: 35.398 Executing VM operation: G1TryInitiateConcMark (G1 Humongous Allocation)
Event: 35.399 Executing VM operation: G1TryInitiateConcMark (G1 Humongous Allocation) done
Event: 36.412 Executing VM operation: Cleanup
Event: 36.413 Executing VM operation: Cleanup done
Event: 36.546 Executing VM operation: G1TryInitiateConcMark (G1 Humongous Allocation)
Event: 36.547 Executing VM operation: G1TryInitiateConcMark (G1 Humongous Allocation) done
Event: 37.562 Executing VM operation: Cleanup
Event: 37.562 Executing VM operation: Cleanup done
Event: 37.779 Executing VM operation: G1TryInitiateConcMark (G1 Humongous Allocation)
Event: 37.780 Executing VM operation: G1TryInitiateConcMark (G1 Humongous Allocation) done
Event: 38.794 Executing VM operation: Cleanup
Event: 38.794 Executing VM operation: Cleanup done
Event: 39.053 Executing VM operation: G1TryInitiateConcMark (G1 Humongous Allocation)
Event: 39.054 Executing VM operation: G1TryInitiateConcMark (G1 Humongous Allocation) done
Event: 39.345 Executing VM operation: ThreadDump
Event: 39.345 Executing VM operation: ThreadDump done
Event: 39.351 Executing VM operation: ThreadDump
Event: 39.352 Executing VM operation: ThreadDump done
Event: 39.490 Executing VM operation: Exit

Events (20 events):
Event: 0.027 Thread 0x000002a43e28d810 Thread added: 0x000002a43e28d810
Event: 0.027 Thread 0x000002a43e28f5b0 Thread added: 0x000002a43e28f5b0
Event: 0.027 Thread 0x000002a43e29a070 Thread added: 0x000002a43e29a070
Event: 0.037 Thread 0x000002a43eca2b30 Thread added: 0x000002a43eca2b30
Event: 0.037 Thread 0x000002a43ec90c60 Thread added: 0x000002a43ec90c60
Event: 0.123 Thread 0x000002a43ed5e590 Thread added: 0x000002a43ed5e590
Event: 0.133 Thread 0x000002a43ef3e960 Thread added: 0x000002a43ef3e960
Event: 0.184 Thread 0x000002a4840d0660 Thread added: 0x000002a4840d0660
Event: 0.804 Thread 0x000002a48505beb0 Thread added: 0x000002a48505beb0
Event: 1.661 Thread 0x000002a48505beb0 Thread exited: 0x000002a48505beb0
Event: 1.731 Thread 0x000002a4840d0660 Thread exited: 0x000002a4840d0660
Event: 39.354 Thread 0x000002a4ba0fa8a0 Thread added: 0x000002a4ba0fa8a0
Event: 39.355 Thread 0x000002a4ba0f9b80 Thread added: 0x000002a4ba0f9b80
Event: 39.355 Thread 0x000002a4ba0fd000 Thread added: 0x000002a4ba0fd000
Event: 39.355 Thread 0x000002a4ba0fa210 Thread added: 0x000002a4ba0fa210
Event: 39.355 Thread 0x000002a4ba0f6070 Thread added: 0x000002a4ba0f6070
Event: 39.355 Thread 0x000002a4ba0fd000 Thread exited: 0x000002a4ba0fd000
Event: 39.355 Thread 0x000002a4ba0fa210 Thread exited: 0x000002a4ba0fa210
Event: 39.437 Thread 0x000002a4ba0f6070 Thread exited: 0x000002a4ba0f6070
Event: 39.445 Thread 0x000002a4ba0f9b80 Thread exited: 0x000002a4ba0f9b80


Dynamic libraries:
0x00007ff68d3c0000 - 0x00007ff68d3ce000 	D:\zoo\jdk-21\bin\java.exe
0x00007ffbea590000 - 0x00007ffbea7a7000 	C:\WINDOWS\SYSTEM32\ntdll.dll
0x00007ffbe9c10000 - 0x00007ffbe9cd4000 	C:\WINDOWS\System32\KERNEL32.DLL
0x00007ffbe7b10000 - 0x00007ffbe7eb7000 	C:\WINDOWS\System32\KERNELBASE.dll
0x00007ffbe81a0000 - 0x00007ffbe82b1000 	C:\WINDOWS\System32\ucrtbase.dll
0x00007ffbd41a0000 - 0x00007ffbd41b8000 	D:\zoo\jdk-21\bin\jli.dll
0x00007ffbd3690000 - 0x00007ffbd36ab000 	D:\zoo\jdk-21\bin\VCRUNTIME140.dll
0x00007ffbe9ce0000 - 0x00007ffbe9e8e000 	C:\WINDOWS\System32\USER32.dll
0x00007ffbe7f80000 - 0x00007ffbe7fa6000 	C:\WINDOWS\System32\win32u.dll
0x00007ffbea0e0000 - 0x00007ffbea109000 	C:\WINDOWS\System32\GDI32.dll
0x00007ffbe8080000 - 0x00007ffbe8199000 	C:\WINDOWS\System32\gdi32full.dll
0x00007ffbc9390000 - 0x00007ffbc9623000 	C:\WINDOWS\WinSxS\amd64_microsoft.windows.common-controls_6595b64144ccf1df_6.0.22621.3527_none_270e469b73872a76\COMCTL32.dll
0x00007ffbe7fb0000 - 0x00007ffbe804a000 	C:\WINDOWS\System32\msvcp_win.dll
0x00007ffbea1a0000 - 0x00007ffbea247000 	C:\WINDOWS\System32\msvcrt.dll
0x00007ffbea480000 - 0x00007ffbea4b1000 	C:\WINDOWS\System32\IMM32.DLL
0x00007ffbdf140000 - 0x00007ffbdf14c000 	D:\zoo\jdk-21\bin\vcruntime140_1.dll
0x00007ffb96980000 - 0x00007ffb96a0e000 	D:\zoo\jdk-21\bin\msvcp140.dll
0x00007ffb75080000 - 0x00007ffb75d93000 	D:\zoo\jdk-21\bin\server\jvm.dll
0x00007ffbea250000 - 0x00007ffbea302000 	C:\WINDOWS\System32\ADVAPI32.dll
0x00007ffbea3c0000 - 0x00007ffbea468000 	C:\WINDOWS\System32\sechost.dll
0x00007ffbe8050000 - 0x00007ffbe8078000 	C:\WINDOWS\System32\bcrypt.dll
0x00007ffbe8510000 - 0x00007ffbe8625000 	C:\WINDOWS\System32\RPCRT4.dll
0x00007ffbea060000 - 0x00007ffbea0d1000 	C:\WINDOWS\System32\WS2_32.dll
0x00007ffbe75c0000 - 0x00007ffbe760d000 	C:\WINDOWS\SYSTEM32\POWRPROF.dll
0x00007ffbde320000 - 0x00007ffbde354000 	C:\WINDOWS\SYSTEM32\WINMM.dll
0x00007ffbdf610000 - 0x00007ffbdf61a000 	C:\WINDOWS\SYSTEM32\VERSION.dll
0x00007ffbe74f0000 - 0x00007ffbe7503000 	C:\WINDOWS\SYSTEM32\UMPDC.dll
0x00007ffbe6890000 - 0x00007ffbe68a8000 	C:\WINDOWS\SYSTEM32\kernel.appcore.dll
0x00007ffbd4200000 - 0x00007ffbd420a000 	D:\zoo\jdk-21\bin\jimage.dll
0x00007ffbd5c80000 - 0x00007ffbd5eb2000 	C:\WINDOWS\SYSTEM32\DBGHELP.DLL
0x00007ffbe8630000 - 0x00007ffbe89b8000 	C:\WINDOWS\System32\combase.dll
0x00007ffbe8330000 - 0x00007ffbe8407000 	C:\WINDOWS\System32\OLEAUT32.dll
0x00007ffbd2ce0000 - 0x00007ffbd2d12000 	C:\WINDOWS\SYSTEM32\dbgcore.DLL
0x00007ffbe7920000 - 0x00007ffbe7999000 	C:\WINDOWS\System32\bcryptPrimitives.dll
0x00007ffbd2d20000 - 0x00007ffbd2d3f000 	D:\zoo\jdk-21\bin\java.dll
0x00007ffbe91b0000 - 0x00007ffbe9a0c000 	C:\WINDOWS\System32\SHELL32.dll
0x00007ffbe57a0000 - 0x00007ffbe6096000 	C:\WINDOWS\SYSTEM32\windows.storage.dll
0x00007ffbe5660000 - 0x00007ffbe579e000 	C:\WINDOWS\SYSTEM32\wintypes.dll
0x00007ffbe89c0000 - 0x00007ffbe8ab5000 	C:\WINDOWS\System32\SHCORE.dll
0x00007ffbe8b20000 - 0x00007ffbe8b7e000 	C:\WINDOWS\System32\shlwapi.dll
0x00007ffbe77e0000 - 0x00007ffbe7801000 	C:\WINDOWS\SYSTEM32\profapi.dll
0x00007ffb960f0000 - 0x00007ffb961c7000 	D:\zoo\jdk-21\bin\jsvml.dll
0x00007ffbd4150000 - 0x00007ffbd4160000 	D:\zoo\jdk-21\bin\net.dll
0x00007ffbe15a0000 - 0x00007ffbe16d6000 	C:\WINDOWS\SYSTEM32\WINHTTP.dll
0x00007ffbe6cf0000 - 0x00007ffbe6d59000 	C:\WINDOWS\system32\mswsock.dll
0x00007ffbbf9f0000 - 0x00007ffbbfa06000 	D:\zoo\jdk-21\bin\nio.dll
0x00007ffba7550000 - 0x00007ffba7568000 	D:\zoo\jdk-21\bin\zip.dll
0x00007ffbd2c50000 - 0x00007ffbd2c5a000 	D:\zoo\jdk-21\bin\management.dll
0x00007ffbce710000 - 0x00007ffbce71b000 	D:\zoo\jdk-21\bin\management_ext.dll
0x00007ffbe9bc0000 - 0x00007ffbe9bc8000 	C:\WINDOWS\System32\PSAPI.DLL
0x00007ffbd2f90000 - 0x00007ffbd2fa0000 	D:\zoo\jdk-21\bin\verify.dll
0x00007ffbc8d30000 - 0x00007ffbc8d47000 	C:\WINDOWS\system32\napinsp.dll
0x00007ffbc8d10000 - 0x00007ffbc8d2b000 	C:\WINDOWS\system32\pnrpnsp.dll
0x00007ffbe6330000 - 0x00007ffbe6428000 	C:\WINDOWS\SYSTEM32\DNSAPI.dll
0x00007ffbe6300000 - 0x00007ffbe632d000 	C:\WINDOWS\SYSTEM32\IPHLPAPI.DLL
0x00007ffbea050000 - 0x00007ffbea059000 	C:\WINDOWS\System32\NSI.dll
0x00007ffbc8c80000 - 0x00007ffbc8c91000 	C:\WINDOWS\System32\winrnr.dll
0x00007ffbe06a0000 - 0x00007ffbe06b5000 	C:\WINDOWS\system32\wshbth.dll
0x00007ffbc8c50000 - 0x00007ffbc8c77000 	C:\WINDOWS\system32\nlansp_c.dll
0x00007ffbe1770000 - 0x00007ffbe177a000 	C:\Windows\System32\rasadhlp.dll
0x00007ffbdfc00000 - 0x00007ffbdfc83000 	C:\WINDOWS\System32\fwpuclnt.dll
0x00007ffbe6f90000 - 0x00007ffbe6fab000 	C:\WINDOWS\SYSTEM32\CRYPTSP.dll
0x00007ffbe67f0000 - 0x00007ffbe6825000 	C:\WINDOWS\system32\rsaenh.dll
0x00007ffbe6d90000 - 0x00007ffbe6db8000 	C:\WINDOWS\SYSTEM32\USERENV.dll
0x00007ffbe6f00000 - 0x00007ffbe6f0c000 	C:\WINDOWS\SYSTEM32\CRYPTBASE.dll
0x00007ffb71dc0000 - 0x00007ffb75078000 	D:\TMP\opencv_openpnp17880173727018840120\nu\pattern\opencv\windows\x86_64\opencv_java490.dll
0x00007ffbe9a10000 - 0x00007ffbe9bb5000 	C:\WINDOWS\System32\ole32.dll
0x00007ffbac440000 - 0x00007ffbac4ca000 	C:\WINDOWS\SYSTEM32\MF.dll
0x00007ffbac260000 - 0x00007ffbac42e000 	C:\WINDOWS\SYSTEM32\MFPlat.DLL
0x00007ffbe4a50000 - 0x00007ffbe4b47000 	C:\WINDOWS\SYSTEM32\dxgi.dll
0x00007ffb8cc20000 - 0x00007ffb8cd40000 	C:\WINDOWS\SYSTEM32\MFReadWrite.dll
0x00007ffbe37e0000 - 0x00007ffbe3a37000 	C:\WINDOWS\SYSTEM32\d3d11.dll
0x00007ffbe7540000 - 0x00007ffbe758e000 	C:\WINDOWS\SYSTEM32\cfgmgr32.dll
0x00007ffb7eab0000 - 0x00007ffb7ee49000 	C:\WINDOWS\SYSTEM32\MFCORE.DLL
0x00007ffbd1440000 - 0x00007ffbd1473000 	C:\WINDOWS\SYSTEM32\RTWorkQ.DLL
0x00007ffb71170000 - 0x00007ffb71dba000 	D:\TMP\onnxruntime-java2469697304696491540\onnxruntime.dll
0x00007ffbc2960000 - 0x00007ffbc2977000 	D:\TMP\onnxruntime-java2469697304696491540\onnxruntime4j_jni.dll
0x00007ffb6bcc0000 - 0x00007ffb71165000 	D:\coding\cuda\11.8\bin\cublas64_11.dll
0x00007ffaff000000 - 0x00007ffb21443000 	D:\coding\cuda\11.8\bin\cublasLt64_11.dll
0x00007ffb8b190000 - 0x00007ffb8b486000 	C:\WINDOWS\SYSTEM32\nvcuda.dll
0x00007ffaebb00000 - 0x00007ffaee265000 	D:\coding\cuda\11.8\bin\nvrtc64_112_0.dll
0x00007ffbe54b0000 - 0x00007ffbe54e9000 	C:\WINDOWS\SYSTEM32\dxcore.dll
0x00007ffaea0f0000 - 0x00007ffaebaf5000 	C:\WINDOWS\system32\DriverStore\FileRepository\nvhdcui.inf_amd64_560c50824dceb781\nvcuda64.dll
0x00007ffbe74d0000 - 0x00007ffbe74e2000 	C:\WINDOWS\SYSTEM32\msasn1.dll
0x00007ffbdf620000 - 0x00007ffbdf652000 	C:\WINDOWS\SYSTEM32\cryptnet.dll
0x00007ffbe79a0000 - 0x00007ffbe7b08000 	C:\WINDOWS\System32\CRYPT32.dll
0x00007ffbdf380000 - 0x00007ffbdf4d8000 	C:\WINDOWS\SYSTEM32\drvstore.dll
0x00007ffbe7510000 - 0x00007ffbe753c000 	C:\WINDOWS\SYSTEM32\devobj.dll
0x00007ffbe7030000 - 0x00007ffbe7079000 	C:\WINDOWS\SYSTEM32\wldp.dll
0x00007ffbd90e0000 - 0x00007ffbd9841000 	C:\WINDOWS\SYSTEM32\nvapi64.dll
0x00007ffbe8ce0000 - 0x00007ffbe9154000 	C:\WINDOWS\System32\SETUPAPI.dll
0x00007ffae3150000 - 0x00007ffae87c6000 	D:\coding\cuda\11.8\bin\cudnn_ops_infer64_8.dll

dbghelp: loaded successfully - version: 4.0.5 - missing functions: none
symbol engine: initialized successfully - sym options: 0x614 - pdb path: .;D:\zoo\jdk-21\bin;C:\WINDOWS\SYSTEM32;C:\WINDOWS\WinSxS\amd64_microsoft.windows.common-controls_6595b64144ccf1df_6.0.22621.3527_none_270e469b73872a76;D:\zoo\jdk-21\bin\server;D:\TMP\opencv_openpnp17880173727018840120\nu\pattern\opencv\windows\x86_64;D:\TMP\onnxruntime-java2469697304696491540;D:\coding\cuda\11.8\bin;C:\WINDOWS\system32\DriverStore\FileRepository\nvhdcui.inf_amd64_560c50824dceb781

VM Arguments:
jvm_args: -XX:+EnableDynamicAgentLoading 
java_command: D:\TMP\surefire3690142838435873985\surefirebooter-20240526110754067_3.jar D:\TMP\surefire3690142838435873985 2024-05-26T11-07-53_951-jvmRun1 surefire-20240526110754067_1tmp surefire_0-20240526110754067_2tmp
java_class_path (initial): D:\TMP\surefire3690142838435873985\surefirebooter-20240526110754067_3.jar
Launcher Type: SUN_STANDARD

[Global flags]
     intx CICompilerCount                          = 4                                         {product} {ergonomic}
     uint ConcGCThreads                            = 3                                         {product} {ergonomic}
     bool EnableDynamicAgentLoading                = true                                      {product} {command line}
     uint G1ConcRefinementThreads                  = 10                                        {product} {ergonomic}
   size_t G1HeapRegionSize                         = 2097152                                   {product} {ergonomic}
    uintx GCDrainStackTargetSize                   = 64                                        {product} {ergonomic}
   size_t InitialHeapSize                          = 266338304                                 {product} {ergonomic}
   size_t MarkStackSize                            = 4194304                                   {product} {ergonomic}
   size_t MaxHeapSize                              = 4250927104                                {product} {ergonomic}
   size_t MaxNewSize                               = 2550136832                                {product} {ergonomic}
   size_t MinHeapDeltaBytes                        = 2097152                                   {product} {ergonomic}
   size_t MinHeapSize                              = 8388608                                   {product} {ergonomic}
    uintx NonNMethodCodeHeapSize                   = 5839372                                {pd product} {ergonomic}
    uintx NonProfiledCodeHeapSize                  = 122909434                              {pd product} {ergonomic}
    uintx ProfiledCodeHeapSize                     = 122909434                              {pd product} {ergonomic}
    uintx ReservedCodeCacheSize                    = 251658240                              {pd product} {ergonomic}
     bool SegmentedCodeCache                       = true                                      {product} {ergonomic}
   size_t SoftMaxHeapSize                          = 4250927104                             {manageable} {ergonomic}
     bool UseCompressedOops                        = true                           {product lp64_product} {ergonomic}
     bool UseG1GC                                  = true                                      {product} {ergonomic}
     bool UseLargePagesIndividualAllocation        = false                                  {pd product} {ergonomic}

Logging:
Log output configuration:
 #0: stdout all=warning uptime,level,tags foldmultilines=false
 #1: stderr all=off uptime,level,tags foldmultilines=false

Environment Variables:
JAVA_HOME=D:/zoo/jdk-21
PATH=C:\Users\han\bin;C:\Program Files\Git\mingw64\bin;C:\Program Files\Git\usr\local\bin;C:\Program Files\Git\usr\bin;C:\Program Files\Git\usr\bin;C:\Program Files\Git\mingw64\bin;C:\Program Files\Git\usr\bin;C:\Users\han\bin;D:\coding\cuda\11.8\bin;D:\coding\cuda\11.8\libnvvp;D:\coding\cudnn\8.5.0.96_cuda11\bin;D:\zoo\Python311\Scripts;D:\zoo\Python311;C:\windows\system32;C:\windows;C:\windows\System32\Wbem;C:\windows\System32\WindowsPowerShell\v1.0;C:\Program Files (x86)\NVIDIA Corporation\PhysX\Common;C:\WINDOWS\system32;C:\WINDOWS;C:\WINDOWS\System32\Wbem;C:\WINDOWS\System32\WindowsPowerShell\v1.0;C:\WINDOWS\System32\OpenSSH;C:\Users\feuye\go\bin;C:\Program Files\NVIDIA Corporation\NVIDIA NvDLISR;C:\WINDOWS\system32;C:\WINDOWS;C:\WINDOWS\System32\Wbem;C:\WINDOWS\System32\WindowsPowerShell\v1.0;C:\WINDOWS\System32\OpenSSH;C:\ProgramData\chocolatey\bin;C:\ProgramData\chocolatey\lib\mpv.install\tools;C:\Program Files\protoc-3.19.1-win64\bin;D:\zoo\apache-maven-3.8.4\bin;D:\zoo\jdk-21\bin;C:\Program Files\dotnet;C:\Program Files (x86)\Windows Kits\10\Windows Performance Toolkit;C:\Program Files (x86)\Yarn\bin;D:\zoo\go\bin;D:\zoo\php;C:\ProgramData\ComposerSetup\bin;C:\Program Files\Git\cmd;C:\Program Files\Docker\Docker\resources\bin;C:\Program Files\NVIDIA Corporation\Nsight Compute 2022.3.0;D:\coding\cuda\11.8\lib\x64;C:\Users\han\bin;C:\Program Files\Git\mingw64\bin;C:\Program Files\Git\usr\local\bin;C:\Program Files\Git\usr\bin;D:\zoo\Python311\Scripts;D:\zoo\Python311;C:\windows;C:\Program Files (x86)\NVIDIA Corporation\PhysX\Common;C:\Users\feuye\go\bin;C:\Program Files\NVIDIA Corporation\NVIDIA NvDLISR;C:\windows\system32;C:\WINDOWS;C:\WINDOWS\System32\Wbem;C:\WINDOWS\System32\WindowsPowerShell\v1.0;C:\WINDOWS\System32\OpenSSH;C:\ProgramData\chocolatey\bin;C:\ProgramData\chocolatey\lib\mpv.install\tools;C:\Program Files\protoc-3.19.1-win64\bin;D:\zoo\apache-maven-3.8.4\bin;D:\zoo\jdk;C:\Users\han\AppData\Local\Programs\Microsoft VS Code;C:\Program Files\Git\usr\bin\vendor_perl;C:\Program Files\Git\usr\bin\core_perl
USERNAME=han
SHELL=C:\Program Files\Git\usr\bin\bash.exe
DISPLAY=needs-to-be-defined
LANG=zh_CN.UTF-8
TERM=xterm-256color
TMPDIR=D:\TMP
OS=Windows_NT
PROCESSOR_IDENTIFIER=Intel64 Family 6 Model 158 Stepping 10, GenuineIntel
TMP=D:\TMP
TEMP=D:\TMP




---------------  S Y S T E M  ---------------

OS:
 Windows 11 , 64 bit Build 22621 (10.0.22621.3527)
OS uptime: 0 days 1:26 hours
Hyper-V role detected

CPU: total 12 (initial active 12) (6 cores per cpu, 2 threads per core) family 6 model 158 stepping 10 microcode 0xf0, cx8, cmov, fxsr, ht, mmx, 3dnowpref, sse, sse2, sse3, ssse3, sse4.1, sse4.2, popcnt, lzcnt, tsc, tscinvbit, avx, avx2, aes, erms, clmul, bmi1, bmi2, rtm, adx, fma, vzeroupper, clflush, clflushopt, hv, rdtscp, f16c
Processor Information for all 12 processors :
  Max Mhz: 3192, Current Mhz: 3192, Mhz Limit: 3192

Memory: 4k page, system-wide physical 16215M (4847M free)
TotalPageFile size 19287M (AvailPageFile size 4318M)
current process WorkingSet (physical memory assigned to process): 1465M, peak: 1707M
current process commit charge ("private bytes"): 1775M, peak: 2204M

vm_info: OpenJDK 64-Bit Server VM (21+35-2513) for windows-amd64 JRE (21+35-2513), built on 2023-08-09T20:25:10Z by "mach5one" with MS VC++ 17.1 (VS2022)

END.
